<?xml version="1.0" encoding="utf-8"?>
<CoverageSession xmlns:xsd="http://www.w3.org/2001/XMLSchema" xmlns:xsi="http://www.w3.org/2001/XMLSchema-instance" Version="4.6.0.0">
  <Summary numSequencePoints="312" visitedSequencePoints="94" numBranchPoints="101" visitedBranchPoints="19" sequenceCoverage="30.13" branchCoverage="18.81" maxCyclomaticComplexity="9" minCyclomaticComplexity="1" maxCrapScore="42" minCrapScore="1" visitedClasses="3" numClasses="10" visitedMethods="16" numMethods="59" />
  <Modules>
    <Module hash="26-C3-0A-80-E6-BD-54-D3-AE-FC-28-53-1E-6A-4A-97-DB-0D-09-DC">
      <Summary numSequencePoints="38" visitedSequencePoints="38" numBranchPoints="6" visitedBranchPoints="6" sequenceCoverage="100" branchCoverage="100" maxCyclomaticComplexity="1" minCyclomaticComplexity="1" maxCrapScore="2" minCrapScore="1" visitedClasses="1" numClasses="1" visitedMethods="6" numMethods="6" />
      <ModulePath>C:\Users\User\source\repos\CourseWork\Tests_BLL\bin\Debug\Tests_BLL.dll</ModulePath>
      <ModuleTime>2019-12-15T10:56:44.4246915Z</ModuleTime>
      <ModuleName>Tests_BLL</ModuleName>
      <Files>
        <File uid="1" fullPath="C:\Users\User\source\repos\CourseWork\Tests_BLL\TestClass.cs" />
      </Files>
      <Classes>
        <Class>
          <Summary numSequencePoints="38" visitedSequencePoints="38" numBranchPoints="6" visitedBranchPoints="6" sequenceCoverage="100" branchCoverage="100" maxCyclomaticComplexity="1" minCyclomaticComplexity="1" maxCrapScore="2" minCrapScore="1" visitedClasses="1" numClasses="1" visitedMethods="6" numMethods="6" />
          <FullName>Tests_BLL.TestClass</FullName>
          <Methods>
            <Method visited="true" cyclomaticComplexity="1" nPathComplexity="0" sequenceCoverage="100" branchCoverage="100" crapScore="1" isConstructor="false" isStatic="false" isGetter="false" isSetter="false">
              <Summary numSequencePoints="6" visitedSequencePoints="6" numBranchPoints="1" visitedBranchPoints="1" sequenceCoverage="100" branchCoverage="100" maxCyclomaticComplexity="1" minCyclomaticComplexity="1" maxCrapScore="1" minCrapScore="1" visitedClasses="0" numClasses="0" visitedMethods="1" numMethods="1" />
              <MetadataToken>100663297</MetadataToken>
              <Name>System.Void Tests_BLL.TestClass::TestMethod_User_ChangeName()</Name>
              <FileRef uid="1" />
              <SequencePoints>
                <SequencePoint vc="1" uspid="1" ordinal="0" offset="0" sl="15" sc="9" el="15" ec="10" bec="0" bev="0" fileid="1">
                  <TrackedMethodRefs>
                    <TrackedMethodRef uid="1" vc="1" />
                  </TrackedMethodRefs>
                </SequencePoint>
                <SequencePoint vc="1" uspid="2" ordinal="1" offset="1" sl="16" sc="13" el="16" ec="63" bec="0" bev="0" fileid="1">
                  <TrackedMethodRefs>
                    <TrackedMethodRef uid="1" vc="1" />
                  </TrackedMethodRefs>
                </SequencePoint>
                <SequencePoint vc="1" uspid="3" ordinal="2" offset="22" sl="17" sc="13" el="17" ec="63" bec="0" bev="0" fileid="1">
                  <TrackedMethodRefs>
                    <TrackedMethodRef uid="1" vc="1" />
                  </TrackedMethodRefs>
                </SequencePoint>
                <SequencePoint vc="1" uspid="4" ordinal="3" offset="43" sl="19" sc="13" el="19" ec="40" bec="0" bev="0" fileid="1">
                  <TrackedMethodRefs>
                    <TrackedMethodRef uid="1" vc="1" />
                  </TrackedMethodRefs>
                </SequencePoint>
                <SequencePoint vc="1" uspid="5" ordinal="4" offset="55" sl="21" sc="13" el="21" ec="45" bec="0" bev="0" fileid="1">
                  <TrackedMethodRefs>
                    <TrackedMethodRef uid="1" vc="1" />
                  </TrackedMethodRefs>
                </SequencePoint>
                <SequencePoint vc="1" uspid="6" ordinal="5" offset="63" sl="22" sc="9" el="22" ec="10" bec="0" bev="0" fileid="1">
                  <TrackedMethodRefs>
                    <TrackedMethodRef uid="1" vc="1" />
                  </TrackedMethodRefs>
                </SequencePoint>
              </SequencePoints>
              <BranchPoints />
              <MethodPoint xsi:type="SequencePoint" vc="1" uspid="1" ordinal="0" offset="0" sl="15" sc="9" el="15" ec="10" bec="0" bev="0" fileid="1">
                <TrackedMethodRefs>
                  <TrackedMethodRef uid="1" vc="1" />
                </TrackedMethodRefs>
              </MethodPoint>
            </Method>
            <Method visited="true" cyclomaticComplexity="1" nPathComplexity="0" sequenceCoverage="100" branchCoverage="100" crapScore="1" isConstructor="false" isStatic="false" isGetter="false" isSetter="false">
              <Summary numSequencePoints="6" visitedSequencePoints="6" numBranchPoints="1" visitedBranchPoints="1" sequenceCoverage="100" branchCoverage="100" maxCyclomaticComplexity="1" minCyclomaticComplexity="1" maxCrapScore="1" minCrapScore="1" visitedClasses="0" numClasses="0" visitedMethods="1" numMethods="1" />
              <MetadataToken>100663298</MetadataToken>
              <Name>System.Void Tests_BLL.TestClass::TestMethod_User_ChangeSurname()</Name>
              <FileRef uid="1" />
              <SequencePoints>
                <SequencePoint vc="1" uspid="7" ordinal="0" offset="0" sl="26" sc="9" el="26" ec="10" bec="0" bev="0" fileid="1">
                  <TrackedMethodRefs>
                    <TrackedMethodRef uid="2" vc="1" />
                  </TrackedMethodRefs>
                </SequencePoint>
                <SequencePoint vc="1" uspid="8" ordinal="1" offset="1" sl="27" sc="13" el="27" ec="63" bec="0" bev="0" fileid="1">
                  <TrackedMethodRefs>
                    <TrackedMethodRef uid="2" vc="1" />
                  </TrackedMethodRefs>
                </SequencePoint>
                <SequencePoint vc="1" uspid="9" ordinal="2" offset="22" sl="28" sc="13" el="28" ec="63" bec="0" bev="0" fileid="1">
                  <TrackedMethodRefs>
                    <TrackedMethodRef uid="2" vc="1" />
                  </TrackedMethodRefs>
                </SequencePoint>
                <SequencePoint vc="1" uspid="10" ordinal="3" offset="43" sl="30" sc="13" el="30" ec="44" bec="0" bev="0" fileid="1">
                  <TrackedMethodRefs>
                    <TrackedMethodRef uid="2" vc="1" />
                  </TrackedMethodRefs>
                </SequencePoint>
                <SequencePoint vc="1" uspid="11" ordinal="4" offset="55" sl="32" sc="13" el="32" ec="45" bec="0" bev="0" fileid="1">
                  <TrackedMethodRefs>
                    <TrackedMethodRef uid="2" vc="1" />
                  </TrackedMethodRefs>
                </SequencePoint>
                <SequencePoint vc="1" uspid="12" ordinal="5" offset="63" sl="33" sc="9" el="33" ec="10" bec="0" bev="0" fileid="1">
                  <TrackedMethodRefs>
                    <TrackedMethodRef uid="2" vc="1" />
                  </TrackedMethodRefs>
                </SequencePoint>
              </SequencePoints>
              <BranchPoints />
              <MethodPoint xsi:type="SequencePoint" vc="1" uspid="7" ordinal="0" offset="0" sl="26" sc="9" el="26" ec="10" bec="0" bev="0" fileid="1">
                <TrackedMethodRefs>
                  <TrackedMethodRef uid="2" vc="1" />
                </TrackedMethodRefs>
              </MethodPoint>
            </Method>
            <Method visited="true" cyclomaticComplexity="1" nPathComplexity="0" sequenceCoverage="100" branchCoverage="100" crapScore="1" isConstructor="false" isStatic="false" isGetter="false" isSetter="false">
              <Summary numSequencePoints="6" visitedSequencePoints="6" numBranchPoints="1" visitedBranchPoints="1" sequenceCoverage="100" branchCoverage="100" maxCyclomaticComplexity="1" minCyclomaticComplexity="1" maxCrapScore="1" minCrapScore="1" visitedClasses="0" numClasses="0" visitedMethods="1" numMethods="1" />
              <MetadataToken>100663299</MetadataToken>
              <Name>System.Void Tests_BLL.TestClass::TestMethod_User_ChangeAcademic_Group()</Name>
              <FileRef uid="1" />
              <SequencePoints>
                <SequencePoint vc="1" uspid="13" ordinal="0" offset="0" sl="37" sc="9" el="37" ec="10" bec="0" bev="0" fileid="1">
                  <TrackedMethodRefs>
                    <TrackedMethodRef uid="3" vc="1" />
                  </TrackedMethodRefs>
                </SequencePoint>
                <SequencePoint vc="1" uspid="14" ordinal="1" offset="1" sl="38" sc="13" el="38" ec="63" bec="0" bev="0" fileid="1">
                  <TrackedMethodRefs>
                    <TrackedMethodRef uid="3" vc="1" />
                  </TrackedMethodRefs>
                </SequencePoint>
                <SequencePoint vc="1" uspid="15" ordinal="2" offset="22" sl="39" sc="13" el="39" ec="63" bec="0" bev="0" fileid="1">
                  <TrackedMethodRefs>
                    <TrackedMethodRef uid="3" vc="1" />
                  </TrackedMethodRefs>
                </SequencePoint>
                <SequencePoint vc="1" uspid="16" ordinal="3" offset="43" sl="41" sc="13" el="41" ec="49" bec="0" bev="0" fileid="1">
                  <TrackedMethodRefs>
                    <TrackedMethodRef uid="3" vc="1" />
                  </TrackedMethodRefs>
                </SequencePoint>
                <SequencePoint vc="1" uspid="17" ordinal="4" offset="55" sl="43" sc="13" el="43" ec="45" bec="0" bev="0" fileid="1">
                  <TrackedMethodRefs>
                    <TrackedMethodRef uid="3" vc="1" />
                  </TrackedMethodRefs>
                </SequencePoint>
                <SequencePoint vc="1" uspid="18" ordinal="5" offset="63" sl="44" sc="9" el="44" ec="10" bec="0" bev="0" fileid="1">
                  <TrackedMethodRefs>
                    <TrackedMethodRef uid="3" vc="1" />
                  </TrackedMethodRefs>
                </SequencePoint>
              </SequencePoints>
              <BranchPoints />
              <MethodPoint xsi:type="SequencePoint" vc="1" uspid="13" ordinal="0" offset="0" sl="37" sc="9" el="37" ec="10" bec="0" bev="0" fileid="1">
                <TrackedMethodRefs>
                  <TrackedMethodRef uid="3" vc="1" />
                </TrackedMethodRefs>
              </MethodPoint>
            </Method>
            <Method visited="true" cyclomaticComplexity="1" nPathComplexity="0" sequenceCoverage="100" branchCoverage="100" crapScore="1" isConstructor="false" isStatic="false" isGetter="false" isSetter="false">
              <Summary numSequencePoints="6" visitedSequencePoints="6" numBranchPoints="1" visitedBranchPoints="1" sequenceCoverage="100" branchCoverage="100" maxCyclomaticComplexity="1" minCyclomaticComplexity="1" maxCrapScore="1" minCrapScore="1" visitedClasses="0" numClasses="0" visitedMethods="1" numMethods="1" />
              <MetadataToken>100663300</MetadataToken>
              <Name>System.Void Tests_BLL.TestClass::TestMethod_User_ChangeAll_1()</Name>
              <FileRef uid="1" />
              <SequencePoints>
                <SequencePoint vc="1" uspid="19" ordinal="0" offset="0" sl="48" sc="9" el="48" ec="10" bec="0" bev="0" fileid="1">
                  <TrackedMethodRefs>
                    <TrackedMethodRef uid="4" vc="1" />
                  </TrackedMethodRefs>
                </SequencePoint>
                <SequencePoint vc="1" uspid="20" ordinal="1" offset="1" sl="49" sc="13" el="49" ec="63" bec="0" bev="0" fileid="1">
                  <TrackedMethodRefs>
                    <TrackedMethodRef uid="4" vc="1" />
                  </TrackedMethodRefs>
                </SequencePoint>
                <SequencePoint vc="1" uspid="21" ordinal="2" offset="22" sl="50" sc="13" el="50" ec="63" bec="0" bev="0" fileid="1">
                  <TrackedMethodRefs>
                    <TrackedMethodRef uid="4" vc="1" />
                  </TrackedMethodRefs>
                </SequencePoint>
                <SequencePoint vc="1" uspid="22" ordinal="3" offset="43" sl="52" sc="13" el="52" ec="57" bec="0" bev="0" fileid="1">
                  <TrackedMethodRefs>
                    <TrackedMethodRef uid="4" vc="1" />
                  </TrackedMethodRefs>
                </SequencePoint>
                <SequencePoint vc="1" uspid="23" ordinal="4" offset="65" sl="54" sc="13" el="54" ec="45" bec="0" bev="0" fileid="1">
                  <TrackedMethodRefs>
                    <TrackedMethodRef uid="4" vc="1" />
                  </TrackedMethodRefs>
                </SequencePoint>
                <SequencePoint vc="1" uspid="24" ordinal="5" offset="73" sl="55" sc="9" el="55" ec="10" bec="0" bev="0" fileid="1">
                  <TrackedMethodRefs>
                    <TrackedMethodRef uid="4" vc="1" />
                  </TrackedMethodRefs>
                </SequencePoint>
              </SequencePoints>
              <BranchPoints />
              <MethodPoint xsi:type="SequencePoint" vc="1" uspid="19" ordinal="0" offset="0" sl="48" sc="9" el="48" ec="10" bec="0" bev="0" fileid="1">
                <TrackedMethodRefs>
                  <TrackedMethodRef uid="4" vc="1" />
                </TrackedMethodRefs>
              </MethodPoint>
            </Method>
            <Method visited="true" cyclomaticComplexity="1" nPathComplexity="0" sequenceCoverage="100" branchCoverage="100" crapScore="1" isConstructor="false" isStatic="false" isGetter="false" isSetter="false">
              <Summary numSequencePoints="6" visitedSequencePoints="6" numBranchPoints="1" visitedBranchPoints="1" sequenceCoverage="100" branchCoverage="100" maxCyclomaticComplexity="1" minCyclomaticComplexity="1" maxCrapScore="1" minCrapScore="1" visitedClasses="0" numClasses="0" visitedMethods="1" numMethods="1" />
              <MetadataToken>100663301</MetadataToken>
              <Name>System.Void Tests_BLL.TestClass::TestMethod_User_ChangeAll_2()</Name>
              <FileRef uid="1" />
              <SequencePoints>
                <SequencePoint vc="1" uspid="25" ordinal="0" offset="0" sl="59" sc="9" el="59" ec="10" bec="0" bev="0" fileid="1">
                  <TrackedMethodRefs>
                    <TrackedMethodRef uid="5" vc="1" />
                  </TrackedMethodRefs>
                </SequencePoint>
                <SequencePoint vc="1" uspid="26" ordinal="1" offset="1" sl="60" sc="13" el="60" ec="63" bec="0" bev="0" fileid="1">
                  <TrackedMethodRefs>
                    <TrackedMethodRef uid="5" vc="1" />
                  </TrackedMethodRefs>
                </SequencePoint>
                <SequencePoint vc="1" uspid="27" ordinal="2" offset="22" sl="61" sc="13" el="61" ec="63" bec="0" bev="0" fileid="1">
                  <TrackedMethodRefs>
                    <TrackedMethodRef uid="5" vc="1" />
                  </TrackedMethodRefs>
                </SequencePoint>
                <SequencePoint vc="1" uspid="28" ordinal="3" offset="43" sl="63" sc="13" el="63" ec="38" bec="0" bev="0" fileid="1">
                  <TrackedMethodRefs>
                    <TrackedMethodRef uid="5" vc="1" />
                  </TrackedMethodRefs>
                </SequencePoint>
                <SequencePoint vc="1" uspid="29" ordinal="4" offset="51" sl="65" sc="13" el="65" ec="45" bec="0" bev="0" fileid="1">
                  <TrackedMethodRefs>
                    <TrackedMethodRef uid="5" vc="1" />
                  </TrackedMethodRefs>
                </SequencePoint>
                <SequencePoint vc="1" uspid="30" ordinal="5" offset="59" sl="66" sc="9" el="66" ec="10" bec="0" bev="0" fileid="1">
                  <TrackedMethodRefs>
                    <TrackedMethodRef uid="5" vc="1" />
                  </TrackedMethodRefs>
                </SequencePoint>
              </SequencePoints>
              <BranchPoints />
              <MethodPoint xsi:type="SequencePoint" vc="1" uspid="25" ordinal="0" offset="0" sl="59" sc="9" el="59" ec="10" bec="0" bev="0" fileid="1">
                <TrackedMethodRefs>
                  <TrackedMethodRef uid="5" vc="1" />
                </TrackedMethodRefs>
              </MethodPoint>
            </Method>
            <Method visited="true" cyclomaticComplexity="1" nPathComplexity="0" sequenceCoverage="100" branchCoverage="100" crapScore="1" isConstructor="false" isStatic="false" isGetter="false" isSetter="false">
              <Summary numSequencePoints="8" visitedSequencePoints="8" numBranchPoints="1" visitedBranchPoints="1" sequenceCoverage="100" branchCoverage="100" maxCyclomaticComplexity="1" minCyclomaticComplexity="1" maxCrapScore="1" minCrapScore="1" visitedClasses="0" numClasses="0" visitedMethods="1" numMethods="1" />
              <MetadataToken>100663302</MetadataToken>
              <Name>System.Void Tests_BLL.TestClass::TestMethod_User_ReturnBook()</Name>
              <FileRef uid="1" />
              <SequencePoints>
                <SequencePoint vc="1" uspid="31" ordinal="0" offset="0" sl="70" sc="9" el="70" ec="10" bec="0" bev="0" fileid="1">
                  <TrackedMethodRefs>
                    <TrackedMethodRef uid="6" vc="1" />
                  </TrackedMethodRefs>
                </SequencePoint>
                <SequencePoint vc="1" uspid="32" ordinal="1" offset="1" sl="71" sc="13" el="71" ec="63" bec="0" bev="0" fileid="1">
                  <TrackedMethodRefs>
                    <TrackedMethodRef uid="6" vc="1" />
                  </TrackedMethodRefs>
                </SequencePoint>
                <SequencePoint vc="1" uspid="33" ordinal="2" offset="22" sl="72" sc="13" el="72" ec="44" bec="0" bev="0" fileid="1">
                  <TrackedMethodRefs>
                    <TrackedMethodRef uid="6" vc="1" />
                  </TrackedMethodRefs>
                </SequencePoint>
                <SequencePoint vc="1" uspid="34" ordinal="3" offset="29" sl="73" sc="13" el="73" ec="71" bec="0" bev="0" fileid="1">
                  <TrackedMethodRefs>
                    <TrackedMethodRef uid="6" vc="1" />
                  </TrackedMethodRefs>
                </SequencePoint>
                <SequencePoint vc="1" uspid="35" ordinal="4" offset="45" sl="74" sc="13" el="74" ec="42" bec="0" bev="0" fileid="1">
                  <TrackedMethodRefs>
                    <TrackedMethodRef uid="6" vc="1" />
                  </TrackedMethodRefs>
                </SequencePoint>
                <SequencePoint vc="1" uspid="36" ordinal="5" offset="58" sl="76" sc="13" el="76" ec="34" bec="0" bev="0" fileid="1">
                  <TrackedMethodRefs>
                    <TrackedMethodRef uid="6" vc="1" />
                  </TrackedMethodRefs>
                </SequencePoint>
                <SequencePoint vc="1" uspid="37" ordinal="6" offset="66" sl="78" sc="13" el="78" ec="45" bec="0" bev="0" fileid="1">
                  <TrackedMethodRefs>
                    <TrackedMethodRef uid="6" vc="1" />
                  </TrackedMethodRefs>
                </SequencePoint>
                <SequencePoint vc="1" uspid="38" ordinal="7" offset="74" sl="79" sc="9" el="79" ec="10" bec="0" bev="0" fileid="1">
                  <TrackedMethodRefs>
                    <TrackedMethodRef uid="6" vc="1" />
                  </TrackedMethodRefs>
                </SequencePoint>
              </SequencePoints>
              <BranchPoints />
              <MethodPoint xsi:type="SequencePoint" vc="1" uspid="31" ordinal="0" offset="0" sl="70" sc="9" el="70" ec="10" bec="0" bev="0" fileid="1">
                <TrackedMethodRefs>
                  <TrackedMethodRef uid="6" vc="1" />
                </TrackedMethodRefs>
              </MethodPoint>
            </Method>
            <Method visited="false" cyclomaticComplexity="1" nPathComplexity="0" sequenceCoverage="0" branchCoverage="0" crapScore="2" isConstructor="true" isStatic="false" isGetter="false" isSetter="false">
              <Summary numSequencePoints="0" visitedSequencePoints="0" numBranchPoints="0" visitedBranchPoints="0" sequenceCoverage="0" branchCoverage="0" maxCyclomaticComplexity="1" minCyclomaticComplexity="1" maxCrapScore="2" minCrapScore="2" visitedClasses="0" numClasses="0" visitedMethods="0" numMethods="0" />
              <MetadataToken>100663303</MetadataToken>
              <Name>System.Void Tests_BLL.TestClass::.ctor()</Name>
              <SequencePoints />
              <BranchPoints />
              <MethodPoint vc="0" uspid="39" ordinal="0" offset="0" />
            </Method>
          </Methods>
        </Class>
      </Classes>
      <TrackedMethods>
        <TrackedMethod uid="1" token="100663297" name="System.Void Tests_BLL.TestClass::TestMethod_User_ChangeName()" strategy="NUnitTest" />
        <TrackedMethod uid="2" token="100663298" name="System.Void Tests_BLL.TestClass::TestMethod_User_ChangeSurname()" strategy="NUnitTest" />
        <TrackedMethod uid="3" token="100663299" name="System.Void Tests_BLL.TestClass::TestMethod_User_ChangeAcademic_Group()" strategy="NUnitTest" />
        <TrackedMethod uid="4" token="100663300" name="System.Void Tests_BLL.TestClass::TestMethod_User_ChangeAll_1()" strategy="NUnitTest" />
        <TrackedMethod uid="5" token="100663301" name="System.Void Tests_BLL.TestClass::TestMethod_User_ChangeAll_2()" strategy="NUnitTest" />
        <TrackedMethod uid="6" token="100663302" name="System.Void Tests_BLL.TestClass::TestMethod_User_ReturnBook()" strategy="NUnitTest" />
      </TrackedMethods>
    </Module>
    <Module hash="7C-A2-27-2E-6B-E8-A1-44-63-B0-6F-2E-7F-6F-71-AA-26-9A-DE-15">
      <Summary numSequencePoints="274" visitedSequencePoints="56" numBranchPoints="95" visitedBranchPoints="13" sequenceCoverage="20.44" branchCoverage="13.68" maxCyclomaticComplexity="9" minCyclomaticComplexity="1" maxCrapScore="42" minCrapScore="1" visitedClasses="2" numClasses="9" visitedMethods="10" numMethods="53" />
      <ModulePath>C:\Users\User\source\repos\CourseWork\Tests_BLL\bin\Debug\BLL.dll</ModulePath>
      <ModuleTime>2019-12-15T10:56:44.30102Z</ModuleTime>
      <ModuleName>BLL</ModuleName>
      <Files>
        <File uid="3" fullPath="C:\Users\User\source\repos\CourseWork\BLL\Book.cs" />
        <File uid="6" fullPath="C:\Users\User\source\repos\CourseWork\BLL\LibraryLiterature.cs" />
        <File uid="7" fullPath="C:\Users\User\source\repos\CourseWork\BLL\LibraryUsers.cs" />
        <File uid="8" fullPath="C:\Users\User\source\repos\CourseWork\BLL\User.cs" />
      </Files>
      <Classes>
        <Class>
          <Summary numSequencePoints="51" visitedSequencePoints="7" numBranchPoints="13" visitedBranchPoints="1" sequenceCoverage="13.73" branchCoverage="7.69" maxCyclomaticComplexity="5" minCyclomaticComplexity="1" maxCrapScore="30" minCrapScore="1" visitedClasses="1" numClasses="1" visitedMethods="1" numMethods="9" />
          <FullName>BLL.Book</FullName>
          <Methods>
            <Method skippedDueTo="AutoImplementedProperty" visited="false" cyclomaticComplexity="1" nPathComplexity="0" sequenceCoverage="0" branchCoverage="0" crapScore="0" isConstructor="false" isStatic="false" isGetter="true" isSetter="false">
              <MetadataToken>100663297</MetadataToken>
              <Name>System.String BLL.Book::get_Name()</Name>
              <FileRef uid="3" />
              <SequencePoints />
              <BranchPoints />
            </Method>
            <Method skippedDueTo="AutoImplementedProperty" visited="false" cyclomaticComplexity="1" nPathComplexity="0" sequenceCoverage="0" branchCoverage="0" crapScore="0" isConstructor="false" isStatic="false" isGetter="false" isSetter="true">
              <MetadataToken>100663298</MetadataToken>
              <Name>System.Void BLL.Book::set_Name(System.String)</Name>
              <FileRef uid="3" />
              <SequencePoints />
              <BranchPoints />
            </Method>
            <Method skippedDueTo="AutoImplementedProperty" visited="false" cyclomaticComplexity="1" nPathComplexity="0" sequenceCoverage="0" branchCoverage="0" crapScore="0" isConstructor="false" isStatic="false" isGetter="true" isSetter="false">
              <MetadataToken>100663299</MetadataToken>
              <Name>System.String BLL.Book::get_Author()</Name>
              <FileRef uid="3" />
              <SequencePoints />
              <BranchPoints />
            </Method>
            <Method skippedDueTo="AutoImplementedProperty" visited="false" cyclomaticComplexity="1" nPathComplexity="0" sequenceCoverage="0" branchCoverage="0" crapScore="0" isConstructor="false" isStatic="false" isGetter="false" isSetter="true">
              <MetadataToken>100663300</MetadataToken>
              <Name>System.Void BLL.Book::set_Author(System.String)</Name>
              <FileRef uid="3" />
              <SequencePoints />
              <BranchPoints />
            </Method>
            <Method visited="false" cyclomaticComplexity="1" nPathComplexity="0" sequenceCoverage="0" branchCoverage="0" crapScore="2" isConstructor="true" isStatic="false" isGetter="false" isSetter="false">
              <Summary numSequencePoints="7" visitedSequencePoints="0" numBranchPoints="1" visitedBranchPoints="0" sequenceCoverage="0" branchCoverage="0" maxCyclomaticComplexity="1" minCyclomaticComplexity="1" maxCrapScore="2" minCrapScore="2" visitedClasses="0" numClasses="0" visitedMethods="0" numMethods="1" />
              <MetadataToken>100663301</MetadataToken>
              <Name>System.Void BLL.Book::.ctor()</Name>
              <FileRef uid="3" />
              <SequencePoints>
                <SequencePoint vc="0" uspid="40" ordinal="0" offset="0" sl="14" sc="9" el="14" ec="41" bec="0" bev="0" fileid="3" />
                <SequencePoint vc="0" uspid="41" ordinal="1" offset="7" sl="15" sc="9" el="15" ec="35" bec="0" bev="0" fileid="3" />
                <SequencePoint vc="0" uspid="42" ordinal="2" offset="14" sl="17" sc="9" el="17" ec="22" bec="0" bev="0" fileid="3" />
                <SequencePoint vc="0" uspid="43" ordinal="3" offset="21" sl="18" sc="9" el="18" ec="10" bec="0" bev="0" fileid="3" />
                <SequencePoint vc="0" uspid="44" ordinal="4" offset="22" sl="19" sc="13" el="19" ec="29" bec="0" bev="0" fileid="3" />
                <SequencePoint vc="0" uspid="45" ordinal="5" offset="34" sl="20" sc="13" el="20" ec="31" bec="0" bev="0" fileid="3" />
                <SequencePoint vc="0" uspid="46" ordinal="6" offset="46" sl="21" sc="9" el="21" ec="10" bec="0" bev="0" fileid="3" />
              </SequencePoints>
              <BranchPoints />
              <MethodPoint xsi:type="SequencePoint" vc="0" uspid="40" ordinal="0" offset="0" sl="14" sc="9" el="14" ec="41" bec="0" bev="0" fileid="3" />
            </Method>
            <Method visited="true" cyclomaticComplexity="1" nPathComplexity="0" sequenceCoverage="100" branchCoverage="100" crapScore="1" isConstructor="true" isStatic="false" isGetter="false" isSetter="false">
              <Summary numSequencePoints="7" visitedSequencePoints="7" numBranchPoints="1" visitedBranchPoints="1" sequenceCoverage="100" branchCoverage="100" maxCyclomaticComplexity="1" minCyclomaticComplexity="1" maxCrapScore="1" minCrapScore="1" visitedClasses="0" numClasses="0" visitedMethods="1" numMethods="1" />
              <MetadataToken>100663302</MetadataToken>
              <Name>System.Void BLL.Book::.ctor(System.String,System.String)</Name>
              <FileRef uid="3" />
              <SequencePoints>
                <SequencePoint vc="1" uspid="47" ordinal="0" offset="0" sl="14" sc="9" el="14" ec="41" bec="0" bev="0" fileid="3">
                  <TrackedMethodRefs>
                    <TrackedMethodRef uid="6" vc="1" />
                  </TrackedMethodRefs>
                </SequencePoint>
                <SequencePoint vc="1" uspid="48" ordinal="1" offset="7" sl="15" sc="9" el="15" ec="35" bec="0" bev="0" fileid="3">
                  <TrackedMethodRefs>
                    <TrackedMethodRef uid="6" vc="1" />
                  </TrackedMethodRefs>
                </SequencePoint>
                <SequencePoint vc="1" uspid="49" ordinal="2" offset="14" sl="23" sc="9" el="23" ec="48" bec="0" bev="0" fileid="3">
                  <TrackedMethodRefs>
                    <TrackedMethodRef uid="6" vc="1" />
                  </TrackedMethodRefs>
                </SequencePoint>
                <SequencePoint vc="1" uspid="50" ordinal="3" offset="21" sl="24" sc="9" el="24" ec="10" bec="0" bev="0" fileid="3">
                  <TrackedMethodRefs>
                    <TrackedMethodRef uid="6" vc="1" />
                  </TrackedMethodRefs>
                </SequencePoint>
                <SequencePoint vc="1" uspid="51" ordinal="4" offset="22" sl="25" sc="13" el="25" ec="30" bec="0" bev="0" fileid="3">
                  <TrackedMethodRefs>
                    <TrackedMethodRef uid="6" vc="1" />
                  </TrackedMethodRefs>
                </SequencePoint>
                <SequencePoint vc="1" uspid="52" ordinal="5" offset="30" sl="26" sc="13" el="26" ec="34" bec="0" bev="0" fileid="3">
                  <TrackedMethodRefs>
                    <TrackedMethodRef uid="6" vc="1" />
                  </TrackedMethodRefs>
                </SequencePoint>
                <SequencePoint vc="1" uspid="53" ordinal="6" offset="38" sl="27" sc="9" el="27" ec="10" bec="0" bev="0" fileid="3">
                  <TrackedMethodRefs>
                    <TrackedMethodRef uid="6" vc="1" />
                  </TrackedMethodRefs>
                </SequencePoint>
              </SequencePoints>
              <BranchPoints />
              <MethodPoint xsi:type="SequencePoint" vc="1" uspid="47" ordinal="0" offset="0" sl="14" sc="9" el="14" ec="41" bec="0" bev="0" fileid="3">
                <TrackedMethodRefs>
                  <TrackedMethodRef uid="6" vc="1" />
                </TrackedMethodRefs>
              </MethodPoint>
            </Method>
            <Method visited="false" cyclomaticComplexity="1" nPathComplexity="0" sequenceCoverage="0" branchCoverage="0" crapScore="2" isConstructor="true" isStatic="false" isGetter="false" isSetter="false">
              <Summary numSequencePoints="7" visitedSequencePoints="0" numBranchPoints="1" visitedBranchPoints="0" sequenceCoverage="0" branchCoverage="0" maxCyclomaticComplexity="1" minCyclomaticComplexity="1" maxCrapScore="2" minCrapScore="2" visitedClasses="0" numClasses="0" visitedMethods="0" numMethods="1" />
              <MetadataToken>100663303</MetadataToken>
              <Name>System.Void BLL.Book::.ctor(BLL.Book)</Name>
              <FileRef uid="3" />
              <SequencePoints>
                <SequencePoint vc="0" uspid="54" ordinal="0" offset="0" sl="14" sc="9" el="14" ec="41" bec="0" bev="0" fileid="3" />
                <SequencePoint vc="0" uspid="55" ordinal="1" offset="7" sl="15" sc="9" el="15" ec="35" bec="0" bev="0" fileid="3" />
                <SequencePoint vc="0" uspid="56" ordinal="2" offset="14" sl="29" sc="9" el="29" ec="31" bec="0" bev="0" fileid="3" />
                <SequencePoint vc="0" uspid="57" ordinal="3" offset="21" sl="30" sc="9" el="30" ec="10" bec="0" bev="0" fileid="3" />
                <SequencePoint vc="0" uspid="58" ordinal="4" offset="22" sl="31" sc="13" el="31" ec="30" bec="0" bev="0" fileid="3" />
                <SequencePoint vc="0" uspid="59" ordinal="5" offset="35" sl="32" sc="13" el="32" ec="34" bec="0" bev="0" fileid="3" />
                <SequencePoint vc="0" uspid="60" ordinal="6" offset="48" sl="33" sc="9" el="33" ec="10" bec="0" bev="0" fileid="3" />
              </SequencePoints>
              <BranchPoints />
              <MethodPoint xsi:type="SequencePoint" vc="0" uspid="54" ordinal="0" offset="0" sl="14" sc="9" el="14" ec="41" bec="0" bev="0" fileid="3" />
            </Method>
            <Method visited="false" cyclomaticComplexity="1" nPathComplexity="0" sequenceCoverage="0" branchCoverage="0" crapScore="2" isConstructor="false" isStatic="false" isGetter="false" isSetter="false">
              <Summary numSequencePoints="5" visitedSequencePoints="0" numBranchPoints="1" visitedBranchPoints="0" sequenceCoverage="0" branchCoverage="0" maxCyclomaticComplexity="1" minCyclomaticComplexity="1" maxCrapScore="2" minCrapScore="2" visitedClasses="0" numClasses="0" visitedMethods="0" numMethods="1" />
              <MetadataToken>100663304</MetadataToken>
              <Name>System.Void BLL.Book::Take(BLL.User)</Name>
              <FileRef uid="3" />
              <SequencePoints>
                <SequencePoint vc="0" uspid="61" ordinal="0" offset="0" sl="38" sc="9" el="38" ec="10" bec="0" bev="0" fileid="3" />
                <SequencePoint vc="0" uspid="62" ordinal="1" offset="1" sl="39" sc="13" el="39" ec="32" bec="0" bev="0" fileid="3" />
                <SequencePoint vc="0" uspid="63" ordinal="2" offset="8" sl="40" sc="13" el="40" ec="39" bec="0" bev="0" fileid="3" />
                <SequencePoint vc="0" uspid="64" ordinal="3" offset="21" sl="41" sc="13" el="41" ec="26" bec="0" bev="0" fileid="3" />
                <SequencePoint vc="0" uspid="65" ordinal="4" offset="28" sl="42" sc="9" el="42" ec="10" bec="0" bev="0" fileid="3" />
              </SequencePoints>
              <BranchPoints />
              <MethodPoint xsi:type="SequencePoint" vc="0" uspid="61" ordinal="0" offset="0" sl="38" sc="9" el="38" ec="10" bec="0" bev="0" fileid="3" />
            </Method>
            <Method visited="false" cyclomaticComplexity="1" nPathComplexity="0" sequenceCoverage="0" branchCoverage="0" crapScore="2" isConstructor="false" isStatic="false" isGetter="false" isSetter="false">
              <Summary numSequencePoints="3" visitedSequencePoints="0" numBranchPoints="1" visitedBranchPoints="0" sequenceCoverage="0" branchCoverage="0" maxCyclomaticComplexity="1" minCyclomaticComplexity="1" maxCrapScore="2" minCrapScore="2" visitedClasses="0" numClasses="0" visitedMethods="0" numMethods="1" />
              <MetadataToken>100663305</MetadataToken>
              <Name>System.Void BLL.Book::ChangeName(System.String)</Name>
              <FileRef uid="3" />
              <SequencePoints>
                <SequencePoint vc="0" uspid="66" ordinal="0" offset="0" sl="45" sc="9" el="45" ec="10" bec="0" bev="0" fileid="3" />
                <SequencePoint vc="0" uspid="67" ordinal="1" offset="1" sl="46" sc="13" el="46" ec="29" bec="0" bev="0" fileid="3" />
                <SequencePoint vc="0" uspid="68" ordinal="2" offset="9" sl="47" sc="9" el="47" ec="10" bec="0" bev="0" fileid="3" />
              </SequencePoints>
              <BranchPoints />
              <MethodPoint xsi:type="SequencePoint" vc="0" uspid="66" ordinal="0" offset="0" sl="45" sc="9" el="45" ec="10" bec="0" bev="0" fileid="3" />
            </Method>
            <Method visited="false" cyclomaticComplexity="1" nPathComplexity="0" sequenceCoverage="0" branchCoverage="0" crapScore="2" isConstructor="false" isStatic="false" isGetter="false" isSetter="false">
              <Summary numSequencePoints="3" visitedSequencePoints="0" numBranchPoints="1" visitedBranchPoints="0" sequenceCoverage="0" branchCoverage="0" maxCyclomaticComplexity="1" minCyclomaticComplexity="1" maxCrapScore="2" minCrapScore="2" visitedClasses="0" numClasses="0" visitedMethods="0" numMethods="1" />
              <MetadataToken>100663306</MetadataToken>
              <Name>System.Void BLL.Book::ChangeAuthor(System.String)</Name>
              <FileRef uid="3" />
              <SequencePoints>
                <SequencePoint vc="0" uspid="69" ordinal="0" offset="0" sl="50" sc="9" el="50" ec="10" bec="0" bev="0" fileid="3" />
                <SequencePoint vc="0" uspid="70" ordinal="1" offset="1" sl="51" sc="13" el="51" ec="33" bec="0" bev="0" fileid="3" />
                <SequencePoint vc="0" uspid="71" ordinal="2" offset="9" sl="52" sc="9" el="52" ec="10" bec="0" bev="0" fileid="3" />
              </SequencePoints>
              <BranchPoints />
              <MethodPoint xsi:type="SequencePoint" vc="0" uspid="69" ordinal="0" offset="0" sl="50" sc="9" el="50" ec="10" bec="0" bev="0" fileid="3" />
            </Method>
            <Method visited="false" cyclomaticComplexity="1" nPathComplexity="0" sequenceCoverage="0" branchCoverage="0" crapScore="2" isConstructor="false" isStatic="false" isGetter="false" isSetter="false">
              <Summary numSequencePoints="4" visitedSequencePoints="0" numBranchPoints="1" visitedBranchPoints="0" sequenceCoverage="0" branchCoverage="0" maxCyclomaticComplexity="1" minCyclomaticComplexity="1" maxCrapScore="2" minCrapScore="2" visitedClasses="0" numClasses="0" visitedMethods="0" numMethods="1" />
              <MetadataToken>100663307</MetadataToken>
              <Name>System.Void BLL.Book::ChangeAll(System.String,System.String)</Name>
              <FileRef uid="3" />
              <SequencePoints>
                <SequencePoint vc="0" uspid="72" ordinal="0" offset="0" sl="55" sc="9" el="55" ec="10" bec="0" bev="0" fileid="3" />
                <SequencePoint vc="0" uspid="73" ordinal="1" offset="1" sl="56" sc="13" el="56" ec="29" bec="0" bev="0" fileid="3" />
                <SequencePoint vc="0" uspid="74" ordinal="2" offset="9" sl="57" sc="13" el="57" ec="33" bec="0" bev="0" fileid="3" />
                <SequencePoint vc="0" uspid="75" ordinal="3" offset="17" sl="58" sc="9" el="58" ec="10" bec="0" bev="0" fileid="3" />
              </SequencePoints>
              <BranchPoints />
              <MethodPoint xsi:type="SequencePoint" vc="0" uspid="72" ordinal="0" offset="0" sl="55" sc="9" el="55" ec="10" bec="0" bev="0" fileid="3" />
            </Method>
            <Method visited="false" cyclomaticComplexity="1" nPathComplexity="0" sequenceCoverage="0" branchCoverage="0" crapScore="2" isConstructor="false" isStatic="false" isGetter="false" isSetter="false">
              <Summary numSequencePoints="4" visitedSequencePoints="0" numBranchPoints="1" visitedBranchPoints="0" sequenceCoverage="0" branchCoverage="0" maxCyclomaticComplexity="1" minCyclomaticComplexity="1" maxCrapScore="2" minCrapScore="2" visitedClasses="0" numClasses="0" visitedMethods="0" numMethods="1" />
              <MetadataToken>100663308</MetadataToken>
              <Name>System.Void BLL.Book::ChangeAll(BLL.Book)</Name>
              <FileRef uid="3" />
              <SequencePoints>
                <SequencePoint vc="0" uspid="76" ordinal="0" offset="0" sl="61" sc="9" el="61" ec="10" bec="0" bev="0" fileid="3" />
                <SequencePoint vc="0" uspid="77" ordinal="1" offset="1" sl="62" sc="13" el="62" ec="30" bec="0" bev="0" fileid="3" />
                <SequencePoint vc="0" uspid="78" ordinal="2" offset="14" sl="63" sc="13" el="63" ec="34" bec="0" bev="0" fileid="3" />
                <SequencePoint vc="0" uspid="79" ordinal="3" offset="27" sl="64" sc="9" el="64" ec="10" bec="0" bev="0" fileid="3" />
              </SequencePoints>
              <BranchPoints />
              <MethodPoint xsi:type="SequencePoint" vc="0" uspid="76" ordinal="0" offset="0" sl="61" sc="9" el="61" ec="10" bec="0" bev="0" fileid="3" />
            </Method>
            <Method visited="false" cyclomaticComplexity="5" nPathComplexity="4" sequenceCoverage="0" branchCoverage="0" crapScore="30" isConstructor="false" isStatic="false" isGetter="false" isSetter="false">
              <Summary numSequencePoints="11" visitedSequencePoints="0" numBranchPoints="5" visitedBranchPoints="0" sequenceCoverage="0" branchCoverage="0" maxCyclomaticComplexity="5" minCyclomaticComplexity="5" maxCrapScore="30" minCrapScore="30" visitedClasses="0" numClasses="0" visitedMethods="0" numMethods="1" />
              <MetadataToken>100663309</MetadataToken>
              <Name>System.Boolean BLL.Book::Equals(System.Object)</Name>
              <FileRef uid="3" />
              <SequencePoints>
                <SequencePoint vc="0" uspid="80" ordinal="0" offset="0" sl="67" sc="9" el="67" ec="10" bec="0" bev="0" fileid="3" />
                <SequencePoint vc="0" uspid="81" ordinal="1" offset="1" sl="69" sc="13" el="69" ec="72" bec="2" bev="0" fileid="3" />
                <SequencePoint vc="0" uspid="82" ordinal="2" offset="31" sl="70" sc="13" el="70" ec="14" bec="0" bev="0" fileid="3" />
                <SequencePoint vc="0" uspid="83" ordinal="3" offset="32" sl="71" sc="17" el="71" ec="30" bec="0" bev="0" fileid="3" />
                <SequencePoint vc="0" uspid="84" ordinal="4" offset="36" sl="74" sc="13" el="74" ec="14" bec="0" bev="0" fileid="3" />
                <SequencePoint vc="0" uspid="85" ordinal="5" offset="37" sl="75" sc="17" el="75" ec="47" bec="0" bev="0" fileid="3" />
                <SequencePoint vc="0" uspid="86" ordinal="6" offset="44" sl="77" sc="17" el="77" ec="80" bec="2" bev="0" fileid="3" />
                <SequencePoint vc="0" uspid="87" ordinal="7" offset="87" sl="78" sc="17" el="78" ec="18" bec="0" bev="0" fileid="3" />
                <SequencePoint vc="0" uspid="88" ordinal="8" offset="88" sl="79" sc="21" el="79" ec="33" bec="0" bev="0" fileid="3" />
                <SequencePoint vc="0" uspid="89" ordinal="9" offset="92" sl="81" sc="17" el="81" ec="30" bec="0" bev="0" fileid="3" />
                <SequencePoint vc="0" uspid="90" ordinal="10" offset="96" sl="83" sc="9" el="83" ec="10" bec="0" bev="0" fileid="3" />
              </SequencePoints>
              <BranchPoints>
                <BranchPoint vc="0" uspid="93" ordinal="2" offset="29" sl="69" path="0" offsetend="31" fileid="3" />
                <BranchPoint vc="0" uspid="94" ordinal="3" offset="29" sl="69" path="1" offsetend="36" fileid="3" />
                <BranchPoint vc="0" uspid="97" ordinal="6" offset="85" sl="77" path="0" offsetend="87" fileid="3" />
                <BranchPoint vc="0" uspid="98" ordinal="7" offset="85" sl="77" path="1" offsetend="92" fileid="3" />
              </BranchPoints>
              <MethodPoint xsi:type="SequencePoint" vc="0" uspid="80" ordinal="0" offset="0" sl="67" sc="9" el="67" ec="10" bec="0" bev="0" fileid="3" />
            </Method>
          </Methods>
        </Class>
        <Class>
          <Summary numSequencePoints="3" visitedSequencePoints="0" numBranchPoints="1" visitedBranchPoints="0" sequenceCoverage="0" branchCoverage="0" maxCyclomaticComplexity="1" minCyclomaticComplexity="1" maxCrapScore="2" minCrapScore="2" visitedClasses="0" numClasses="1" visitedMethods="0" numMethods="1" />
          <FullName>BLL.Book/NameComparer</FullName>
          <Methods>
            <Method visited="false" cyclomaticComplexity="1" nPathComplexity="0" sequenceCoverage="0" branchCoverage="0" crapScore="2" isConstructor="false" isStatic="false" isGetter="false" isSetter="false">
              <Summary numSequencePoints="3" visitedSequencePoints="0" numBranchPoints="1" visitedBranchPoints="0" sequenceCoverage="0" branchCoverage="0" maxCyclomaticComplexity="1" minCyclomaticComplexity="1" maxCrapScore="2" minCrapScore="2" visitedClasses="0" numClasses="0" visitedMethods="0" numMethods="1" />
              <MetadataToken>100663369</MetadataToken>
              <Name>System.Int32 BLL.Book/NameComparer::Compare(BLL.Book,BLL.Book)</Name>
              <FileRef uid="3" />
              <SequencePoints>
                <SequencePoint vc="0" uspid="99" ordinal="0" offset="0" sl="90" sc="13" el="90" ec="14" bec="0" bev="0" fileid="3" />
                <SequencePoint vc="0" uspid="100" ordinal="1" offset="1" sl="91" sc="17" el="91" ec="57" bec="0" bev="0" fileid="3" />
                <SequencePoint vc="0" uspid="101" ordinal="2" offset="21" sl="92" sc="13" el="92" ec="14" bec="0" bev="0" fileid="3" />
              </SequencePoints>
              <BranchPoints />
              <MethodPoint xsi:type="SequencePoint" vc="0" uspid="99" ordinal="0" offset="0" sl="90" sc="13" el="90" ec="14" bec="0" bev="0" fileid="3" />
            </Method>
            <Method visited="false" cyclomaticComplexity="1" nPathComplexity="0" sequenceCoverage="0" branchCoverage="0" crapScore="2" isConstructor="true" isStatic="false" isGetter="false" isSetter="false">
              <Summary numSequencePoints="0" visitedSequencePoints="0" numBranchPoints="0" visitedBranchPoints="0" sequenceCoverage="0" branchCoverage="0" maxCyclomaticComplexity="1" minCyclomaticComplexity="1" maxCrapScore="2" minCrapScore="2" visitedClasses="0" numClasses="0" visitedMethods="0" numMethods="0" />
              <MetadataToken>100663370</MetadataToken>
              <Name>System.Void BLL.Book/NameComparer::.ctor()</Name>
              <SequencePoints />
              <BranchPoints />
              <MethodPoint vc="0" uspid="102" ordinal="0" offset="0" />
            </Method>
          </Methods>
        </Class>
        <Class>
          <Summary numSequencePoints="3" visitedSequencePoints="0" numBranchPoints="1" visitedBranchPoints="0" sequenceCoverage="0" branchCoverage="0" maxCyclomaticComplexity="1" minCyclomaticComplexity="1" maxCrapScore="2" minCrapScore="2" visitedClasses="0" numClasses="1" visitedMethods="0" numMethods="1" />
          <FullName>BLL.Book/AuthorComparer</FullName>
          <Methods>
            <Method visited="false" cyclomaticComplexity="1" nPathComplexity="0" sequenceCoverage="0" branchCoverage="0" crapScore="2" isConstructor="false" isStatic="false" isGetter="false" isSetter="false">
              <Summary numSequencePoints="3" visitedSequencePoints="0" numBranchPoints="1" visitedBranchPoints="0" sequenceCoverage="0" branchCoverage="0" maxCyclomaticComplexity="1" minCyclomaticComplexity="1" maxCrapScore="2" minCrapScore="2" visitedClasses="0" numClasses="0" visitedMethods="0" numMethods="1" />
              <MetadataToken>100663371</MetadataToken>
              <Name>System.Int32 BLL.Book/AuthorComparer::Compare(BLL.Book,BLL.Book)</Name>
              <FileRef uid="3" />
              <SequencePoints>
                <SequencePoint vc="0" uspid="103" ordinal="0" offset="0" sl="98" sc="13" el="98" ec="14" bec="0" bev="0" fileid="3" />
                <SequencePoint vc="0" uspid="104" ordinal="1" offset="1" sl="99" sc="17" el="99" ec="61" bec="0" bev="0" fileid="3" />
                <SequencePoint vc="0" uspid="105" ordinal="2" offset="21" sl="100" sc="13" el="100" ec="14" bec="0" bev="0" fileid="3" />
              </SequencePoints>
              <BranchPoints />
              <MethodPoint xsi:type="SequencePoint" vc="0" uspid="103" ordinal="0" offset="0" sl="98" sc="13" el="98" ec="14" bec="0" bev="0" fileid="3" />
            </Method>
            <Method visited="false" cyclomaticComplexity="1" nPathComplexity="0" sequenceCoverage="0" branchCoverage="0" crapScore="2" isConstructor="true" isStatic="false" isGetter="false" isSetter="false">
              <Summary numSequencePoints="0" visitedSequencePoints="0" numBranchPoints="0" visitedBranchPoints="0" sequenceCoverage="0" branchCoverage="0" maxCyclomaticComplexity="1" minCyclomaticComplexity="1" maxCrapScore="2" minCrapScore="2" visitedClasses="0" numClasses="0" visitedMethods="0" numMethods="0" />
              <MetadataToken>100663372</MetadataToken>
              <Name>System.Void BLL.Book/AuthorComparer::.ctor()</Name>
              <SequencePoints />
              <BranchPoints />
              <MethodPoint vc="0" uspid="106" ordinal="0" offset="0" />
            </Method>
          </Methods>
        </Class>
        <Class>
          <Summary numSequencePoints="65" visitedSequencePoints="0" numBranchPoints="26" visitedBranchPoints="0" sequenceCoverage="0" branchCoverage="0" maxCyclomaticComplexity="6" minCyclomaticComplexity="1" maxCrapScore="42" minCrapScore="2" visitedClasses="0" numClasses="1" visitedMethods="0" numMethods="14" />
          <FullName>BLL.LibraryLiterature</FullName>
          <Methods>
            <Method visited="false" cyclomaticComplexity="1" nPathComplexity="0" sequenceCoverage="0" branchCoverage="0" crapScore="2" isConstructor="false" isStatic="false" isGetter="true" isSetter="false">
              <Summary numSequencePoints="3" visitedSequencePoints="0" numBranchPoints="1" visitedBranchPoints="0" sequenceCoverage="0" branchCoverage="0" maxCyclomaticComplexity="1" minCyclomaticComplexity="1" maxCrapScore="2" minCrapScore="2" visitedClasses="0" numClasses="0" visitedMethods="0" numMethods="1" />
              <MetadataToken>100663324</MetadataToken>
              <Name>System.Int32 BLL.LibraryLiterature::get_Length()</Name>
              <FileRef uid="6" />
              <SequencePoints>
                <SequencePoint vc="0" uspid="107" ordinal="0" offset="0" sl="17" sc="13" el="17" ec="14" bec="0" bev="0" fileid="6" />
                <SequencePoint vc="0" uspid="108" ordinal="1" offset="1" sl="18" sc="17" el="18" ec="36" bec="0" bev="0" fileid="6" />
                <SequencePoint vc="0" uspid="109" ordinal="2" offset="15" sl="19" sc="13" el="19" ec="14" bec="0" bev="0" fileid="6" />
              </SequencePoints>
              <BranchPoints />
              <MethodPoint xsi:type="SequencePoint" vc="0" uspid="107" ordinal="0" offset="0" sl="17" sc="13" el="17" ec="14" bec="0" bev="0" fileid="6" />
            </Method>
            <Method visited="false" cyclomaticComplexity="1" nPathComplexity="0" sequenceCoverage="0" branchCoverage="0" crapScore="2" isConstructor="false" isStatic="false" isGetter="true" isSetter="false">
              <Summary numSequencePoints="3" visitedSequencePoints="0" numBranchPoints="1" visitedBranchPoints="0" sequenceCoverage="0" branchCoverage="0" maxCyclomaticComplexity="1" minCyclomaticComplexity="1" maxCrapScore="2" minCrapScore="2" visitedClasses="0" numClasses="0" visitedMethods="0" numMethods="1" />
              <MetadataToken>100663326</MetadataToken>
              <Name>BLL.Book BLL.LibraryLiterature::get_Item(System.Int32)</Name>
              <FileRef uid="6" />
              <SequencePoints>
                <SequencePoint vc="0" uspid="110" ordinal="0" offset="0" sl="32" sc="13" el="32" ec="14" bec="0" bev="0" fileid="6" />
                <SequencePoint vc="0" uspid="111" ordinal="1" offset="1" sl="33" sc="17" el="33" ec="37" bec="0" bev="0" fileid="6" />
                <SequencePoint vc="0" uspid="112" ordinal="2" offset="16" sl="34" sc="13" el="34" ec="14" bec="0" bev="0" fileid="6" />
              </SequencePoints>
              <BranchPoints />
              <MethodPoint xsi:type="SequencePoint" vc="0" uspid="110" ordinal="0" offset="0" sl="32" sc="13" el="32" ec="14" bec="0" bev="0" fileid="6" />
            </Method>
            <Method visited="false" cyclomaticComplexity="1" nPathComplexity="0" sequenceCoverage="0" branchCoverage="0" crapScore="2" isConstructor="false" isStatic="false" isGetter="false" isSetter="true">
              <Summary numSequencePoints="3" visitedSequencePoints="0" numBranchPoints="1" visitedBranchPoints="0" sequenceCoverage="0" branchCoverage="0" maxCyclomaticComplexity="1" minCyclomaticComplexity="1" maxCrapScore="2" minCrapScore="2" visitedClasses="0" numClasses="0" visitedMethods="0" numMethods="1" />
              <MetadataToken>100663327</MetadataToken>
              <Name>System.Void BLL.LibraryLiterature::set_Item(System.Int32,BLL.Book)</Name>
              <FileRef uid="6" />
              <SequencePoints>
                <SequencePoint vc="0" uspid="113" ordinal="0" offset="0" sl="37" sc="13" el="37" ec="14" bec="0" bev="0" fileid="6" />
                <SequencePoint vc="0" uspid="114" ordinal="1" offset="1" sl="38" sc="17" el="38" ec="38" bec="0" bev="0" fileid="6" />
                <SequencePoint vc="0" uspid="115" ordinal="2" offset="15" sl="39" sc="13" el="39" ec="14" bec="0" bev="0" fileid="6" />
              </SequencePoints>
              <BranchPoints />
              <MethodPoint xsi:type="SequencePoint" vc="0" uspid="113" ordinal="0" offset="0" sl="37" sc="13" el="37" ec="14" bec="0" bev="0" fileid="6" />
            </Method>
            <Method visited="false" cyclomaticComplexity="1" nPathComplexity="0" sequenceCoverage="0" branchCoverage="0" crapScore="2" isConstructor="true" isStatic="false" isGetter="false" isSetter="false">
              <Summary numSequencePoints="4" visitedSequencePoints="0" numBranchPoints="1" visitedBranchPoints="0" sequenceCoverage="0" branchCoverage="0" maxCyclomaticComplexity="1" minCyclomaticComplexity="1" maxCrapScore="2" minCrapScore="2" visitedClasses="0" numClasses="0" visitedMethods="0" numMethods="1" />
              <MetadataToken>100663325</MetadataToken>
              <Name>System.Void BLL.LibraryLiterature::.ctor()</Name>
              <FileRef uid="6" />
              <SequencePoints>
                <SequencePoint vc="0" uspid="116" ordinal="0" offset="0" sl="22" sc="9" el="22" ec="35" bec="0" bev="0" fileid="6" />
                <SequencePoint vc="0" uspid="117" ordinal="1" offset="7" sl="23" sc="9" el="23" ec="10" bec="0" bev="0" fileid="6" />
                <SequencePoint vc="0" uspid="118" ordinal="2" offset="8" sl="24" sc="13" el="24" ec="61" bec="0" bev="0" fileid="6" />
                <SequencePoint vc="0" uspid="119" ordinal="3" offset="24" sl="25" sc="9" el="25" ec="10" bec="0" bev="0" fileid="6" />
              </SequencePoints>
              <BranchPoints />
              <MethodPoint xsi:type="SequencePoint" vc="0" uspid="116" ordinal="0" offset="0" sl="22" sc="9" el="22" ec="35" bec="0" bev="0" fileid="6" />
            </Method>
            <Method visited="false" cyclomaticComplexity="1" nPathComplexity="0" sequenceCoverage="0" branchCoverage="0" crapScore="2" isConstructor="false" isStatic="false" isGetter="false" isSetter="false">
              <Summary numSequencePoints="3" visitedSequencePoints="0" numBranchPoints="1" visitedBranchPoints="0" sequenceCoverage="0" branchCoverage="0" maxCyclomaticComplexity="1" minCyclomaticComplexity="1" maxCrapScore="2" minCrapScore="2" visitedClasses="0" numClasses="0" visitedMethods="0" numMethods="1" />
              <MetadataToken>100663328</MetadataToken>
              <Name>System.Void BLL.LibraryLiterature::Add(BLL.Book)</Name>
              <FileRef uid="6" />
              <SequencePoints>
                <SequencePoint vc="0" uspid="120" ordinal="0" offset="0" sl="43" sc="9" el="43" ec="10" bec="0" bev="0" fileid="6" />
                <SequencePoint vc="0" uspid="121" ordinal="1" offset="1" sl="44" sc="13" el="44" ec="29" bec="0" bev="0" fileid="6" />
                <SequencePoint vc="0" uspid="122" ordinal="2" offset="14" sl="45" sc="9" el="45" ec="10" bec="0" bev="0" fileid="6" />
              </SequencePoints>
              <BranchPoints />
              <MethodPoint xsi:type="SequencePoint" vc="0" uspid="120" ordinal="0" offset="0" sl="43" sc="9" el="43" ec="10" bec="0" bev="0" fileid="6" />
            </Method>
            <Method visited="false" cyclomaticComplexity="1" nPathComplexity="0" sequenceCoverage="0" branchCoverage="0" crapScore="2" isConstructor="false" isStatic="false" isGetter="false" isSetter="false">
              <Summary numSequencePoints="3" visitedSequencePoints="0" numBranchPoints="1" visitedBranchPoints="0" sequenceCoverage="0" branchCoverage="0" maxCyclomaticComplexity="1" minCyclomaticComplexity="1" maxCrapScore="2" minCrapScore="2" visitedClasses="0" numClasses="0" visitedMethods="0" numMethods="1" />
              <MetadataToken>100663329</MetadataToken>
              <Name>System.Void BLL.LibraryLiterature::Remove(BLL.Book)</Name>
              <FileRef uid="6" />
              <SequencePoints>
                <SequencePoint vc="0" uspid="123" ordinal="0" offset="0" sl="48" sc="9" el="48" ec="10" bec="0" bev="0" fileid="6" />
                <SequencePoint vc="0" uspid="124" ordinal="1" offset="1" sl="49" sc="13" el="49" ec="32" bec="0" bev="0" fileid="6" />
                <SequencePoint vc="0" uspid="125" ordinal="2" offset="14" sl="50" sc="9" el="50" ec="10" bec="0" bev="0" fileid="6" />
              </SequencePoints>
              <BranchPoints />
              <MethodPoint xsi:type="SequencePoint" vc="0" uspid="123" ordinal="0" offset="0" sl="48" sc="9" el="48" ec="10" bec="0" bev="0" fileid="6" />
            </Method>
            <Method visited="false" cyclomaticComplexity="1" nPathComplexity="0" sequenceCoverage="0" branchCoverage="0" crapScore="2" isConstructor="false" isStatic="false" isGetter="false" isSetter="false">
              <Summary numSequencePoints="3" visitedSequencePoints="0" numBranchPoints="1" visitedBranchPoints="0" sequenceCoverage="0" branchCoverage="0" maxCyclomaticComplexity="1" minCyclomaticComplexity="1" maxCrapScore="2" minCrapScore="2" visitedClasses="0" numClasses="0" visitedMethods="0" numMethods="1" />
              <MetadataToken>100663330</MetadataToken>
              <Name>System.Void BLL.LibraryLiterature::RemoveAt(System.Int32)</Name>
              <FileRef uid="6" />
              <SequencePoints>
                <SequencePoint vc="0" uspid="126" ordinal="0" offset="0" sl="53" sc="9" el="53" ec="10" bec="0" bev="0" fileid="6" />
                <SequencePoint vc="0" uspid="127" ordinal="1" offset="1" sl="54" sc="13" el="54" ec="35" bec="0" bev="0" fileid="6" />
                <SequencePoint vc="0" uspid="128" ordinal="2" offset="14" sl="55" sc="9" el="55" ec="10" bec="0" bev="0" fileid="6" />
              </SequencePoints>
              <BranchPoints />
              <MethodPoint xsi:type="SequencePoint" vc="0" uspid="126" ordinal="0" offset="0" sl="53" sc="9" el="53" ec="10" bec="0" bev="0" fileid="6" />
            </Method>
            <Method visited="false" cyclomaticComplexity="1" nPathComplexity="0" sequenceCoverage="0" branchCoverage="0" crapScore="2" isConstructor="false" isStatic="false" isGetter="false" isSetter="false">
              <Summary numSequencePoints="3" visitedSequencePoints="0" numBranchPoints="1" visitedBranchPoints="0" sequenceCoverage="0" branchCoverage="0" maxCyclomaticComplexity="1" minCyclomaticComplexity="1" maxCrapScore="2" minCrapScore="2" visitedClasses="0" numClasses="0" visitedMethods="0" numMethods="1" />
              <MetadataToken>100663331</MetadataToken>
              <Name>System.Void BLL.LibraryLiterature::ReplaceAt(System.Int32,BLL.Book)</Name>
              <FileRef uid="6" />
              <SequencePoints>
                <SequencePoint vc="0" uspid="129" ordinal="0" offset="0" sl="58" sc="9" el="58" ec="10" bec="0" bev="0" fileid="6" />
                <SequencePoint vc="0" uspid="130" ordinal="1" offset="1" sl="59" sc="13" el="59" ec="42" bec="0" bev="0" fileid="6" />
                <SequencePoint vc="0" uspid="131" ordinal="2" offset="20" sl="60" sc="9" el="60" ec="10" bec="0" bev="0" fileid="6" />
              </SequencePoints>
              <BranchPoints />
              <MethodPoint xsi:type="SequencePoint" vc="0" uspid="129" ordinal="0" offset="0" sl="58" sc="9" el="58" ec="10" bec="0" bev="0" fileid="6" />
            </Method>
            <Method visited="false" cyclomaticComplexity="3" nPathComplexity="4" sequenceCoverage="0" branchCoverage="0" crapScore="12" isConstructor="false" isStatic="false" isGetter="false" isSetter="false">
              <Summary numSequencePoints="13" visitedSequencePoints="0" numBranchPoints="5" visitedBranchPoints="0" sequenceCoverage="0" branchCoverage="0" maxCyclomaticComplexity="3" minCyclomaticComplexity="3" maxCrapScore="12" minCrapScore="12" visitedClasses="0" numClasses="0" visitedMethods="0" numMethods="1" />
              <MetadataToken>100663332</MetadataToken>
              <Name>System.Collections.Generic.List`1&lt;BLL.Book&gt; BLL.LibraryLiterature::FindByKeyWord(System.String)</Name>
              <FileRef uid="6" />
              <SequencePoints>
                <SequencePoint vc="0" uspid="132" ordinal="0" offset="0" sl="63" sc="9" el="63" ec="10" bec="0" bev="0" fileid="6" />
                <SequencePoint vc="0" uspid="133" ordinal="1" offset="1" sl="64" sc="13" el="64" ec="50" bec="0" bev="0" fileid="6" />
                <SequencePoint vc="0" uspid="134" ordinal="2" offset="7" sl="65" sc="18" el="65" ec="27" bec="0" bev="0" fileid="6" />
                <SequencePoint vc="0" uspid="135" ordinal="3" offset="11" sl="66" sc="13" el="66" ec="14" bec="0" bev="0" fileid="6" />
                <SequencePoint vc="0" uspid="136" ordinal="4" offset="12" sl="67" sc="17" el="67" ec="41" bec="2" bev="0" fileid="6" />
                <SequencePoint vc="0" uspid="137" ordinal="5" offset="24" sl="68" sc="17" el="68" ec="18" bec="0" bev="0" fileid="6" />
                <SequencePoint vc="0" uspid="138" ordinal="6" offset="25" sl="69" sc="21" el="69" ec="42" bec="0" bev="0" fileid="6" />
                <SequencePoint vc="0" uspid="139" ordinal="7" offset="44" sl="70" sc="17" el="70" ec="18" bec="0" bev="0" fileid="6" />
                <SequencePoint vc="0" uspid="140" ordinal="8" offset="45" sl="71" sc="13" el="71" ec="14" bec="0" bev="0" fileid="6" />
                <SequencePoint vc="0" uspid="141" ordinal="9" offset="46" sl="65" sc="46" el="65" ec="49" bec="0" bev="0" fileid="6" />
                <SequencePoint vc="0" uspid="142" ordinal="10" offset="50" sl="65" sc="29" el="65" ec="44" bec="2" bev="0" fileid="6" />
                <SequencePoint vc="0" uspid="143" ordinal="11" offset="68" sl="73" sc="13" el="73" ec="27" bec="0" bev="0" fileid="6" />
                <SequencePoint vc="0" uspid="144" ordinal="12" offset="73" sl="74" sc="9" el="74" ec="10" bec="0" bev="0" fileid="6" />
              </SequencePoints>
              <BranchPoints>
                <BranchPoint vc="0" uspid="145" ordinal="0" offset="22" sl="67" path="0" offsetend="24" fileid="6" />
                <BranchPoint vc="0" uspid="146" ordinal="1" offset="22" sl="67" path="1" offsetend="45" fileid="6" />
                <BranchPoint vc="0" uspid="147" ordinal="2" offset="66" sl="65" path="0" offsetend="68" fileid="6" />
                <BranchPoint vc="0" uspid="148" ordinal="3" offset="66" sl="65" path="1" offsetend="11" fileid="6" />
              </BranchPoints>
              <MethodPoint xsi:type="SequencePoint" vc="0" uspid="132" ordinal="0" offset="0" sl="63" sc="9" el="63" ec="10" bec="0" bev="0" fileid="6" />
            </Method>
            <Method visited="false" cyclomaticComplexity="6" nPathComplexity="16" sequenceCoverage="0" branchCoverage="0" crapScore="42" isConstructor="false" isStatic="false" isGetter="false" isSetter="false">
              <Summary numSequencePoints="15" visitedSequencePoints="0" numBranchPoints="9" visitedBranchPoints="0" sequenceCoverage="0" branchCoverage="0" maxCyclomaticComplexity="6" minCyclomaticComplexity="6" maxCrapScore="42" minCrapScore="42" visitedClasses="0" numClasses="0" visitedMethods="0" numMethods="1" />
              <MetadataToken>100663333</MetadataToken>
              <Name>System.Boolean BLL.LibraryLiterature::HasFragment(System.String,System.Int32)</Name>
              <FileRef uid="6" />
              <SequencePoints>
                <SequencePoint vc="0" uspid="149" ordinal="0" offset="0" sl="77" sc="9" el="77" ec="10" bec="0" bev="0" fileid="6" />
                <SequencePoint vc="0" uspid="150" ordinal="1" offset="1" sl="78" sc="13" el="78" ec="108" bec="2" bev="0" fileid="6" />
                <SequencePoint vc="0" uspid="151" ordinal="2" offset="68" sl="79" sc="13" el="79" ec="14" bec="0" bev="0" fileid="6" />
                <SequencePoint vc="0" uspid="152" ordinal="3" offset="69" sl="80" sc="17" el="80" ec="30" bec="0" bev="0" fileid="6" />
                <SequencePoint vc="0" uspid="153" ordinal="4" offset="73" sl="83" sc="13" el="83" ec="60" bec="2" bev="0" fileid="6" />
                <SequencePoint vc="0" uspid="154" ordinal="5" offset="107" sl="84" sc="13" el="84" ec="14" bec="0" bev="0" fileid="6" />
                <SequencePoint vc="0" uspid="155" ordinal="6" offset="108" sl="85" sc="17" el="85" ec="62" bec="2" bev="0" fileid="6" />
                <SequencePoint vc="0" uspid="156" ordinal="7" offset="138" sl="86" sc="17" el="86" ec="18" bec="0" bev="0" fileid="6" />
                <SequencePoint vc="0" uspid="157" ordinal="8" offset="139" sl="87" sc="21" el="87" ec="33" bec="0" bev="0" fileid="6" />
                <SequencePoint vc="0" uspid="158" ordinal="9" offset="143" sl="89" sc="13" el="89" ec="14" bec="0" bev="0" fileid="6" />
                <SequencePoint vc="0" uspid="159" ordinal="10" offset="144" sl="91" sc="13" el="91" ec="60" bec="2" bev="0" fileid="6" />
                <SequencePoint vc="0" uspid="160" ordinal="11" offset="176" sl="92" sc="13" el="92" ec="14" bec="0" bev="0" fileid="6" />
                <SequencePoint vc="0" uspid="161" ordinal="12" offset="177" sl="93" sc="17" el="93" ec="29" bec="0" bev="0" fileid="6" />
                <SequencePoint vc="0" uspid="162" ordinal="13" offset="181" sl="96" sc="13" el="96" ec="26" bec="0" bev="0" fileid="6" />
                <SequencePoint vc="0" uspid="163" ordinal="14" offset="185" sl="97" sc="9" el="97" ec="10" bec="0" bev="0" fileid="6" />
              </SequencePoints>
              <BranchPoints>
                <BranchPoint vc="0" uspid="166" ordinal="2" offset="66" sl="78" path="0" offsetend="68" fileid="6" />
                <BranchPoint vc="0" uspid="167" ordinal="3" offset="66" sl="78" path="1" offsetend="73" fileid="6" />
                <BranchPoint vc="0" uspid="168" ordinal="4" offset="105" sl="83" path="0" offsetend="107" fileid="6" />
                <BranchPoint vc="0" uspid="169" ordinal="5" offset="105" sl="83" path="1" offsetend="144" fileid="6" />
                <BranchPoint vc="0" uspid="170" ordinal="6" offset="136" sl="85" path="0" offsetend="138" fileid="6" />
                <BranchPoint vc="0" uspid="171" ordinal="7" offset="136" sl="85" path="1" offsetend="143" fileid="6" />
                <BranchPoint vc="0" uspid="172" ordinal="8" offset="174" sl="91" path="0" offsetend="176" fileid="6" />
                <BranchPoint vc="0" uspid="173" ordinal="9" offset="174" sl="91" path="1" offsetend="181" fileid="6" />
              </BranchPoints>
              <MethodPoint xsi:type="SequencePoint" vc="0" uspid="149" ordinal="0" offset="0" sl="77" sc="9" el="77" ec="10" bec="0" bev="0" fileid="6" />
            </Method>
            <Method visited="false" cyclomaticComplexity="1" nPathComplexity="0" sequenceCoverage="0" branchCoverage="0" crapScore="2" isConstructor="false" isStatic="false" isGetter="false" isSetter="false">
              <Summary numSequencePoints="3" visitedSequencePoints="0" numBranchPoints="1" visitedBranchPoints="0" sequenceCoverage="0" branchCoverage="0" maxCyclomaticComplexity="1" minCyclomaticComplexity="1" maxCrapScore="2" minCrapScore="2" visitedClasses="0" numClasses="0" visitedMethods="0" numMethods="1" />
              <MetadataToken>100663334</MetadataToken>
              <Name>System.Void BLL.LibraryLiterature::SortByName()</Name>
              <FileRef uid="6" />
              <SequencePoints>
                <SequencePoint vc="0" uspid="174" ordinal="0" offset="0" sl="100" sc="9" el="100" ec="10" bec="0" bev="0" fileid="6" />
                <SequencePoint vc="0" uspid="175" ordinal="1" offset="1" sl="101" sc="13" el="101" ec="49" bec="0" bev="0" fileid="6" />
                <SequencePoint vc="0" uspid="176" ordinal="2" offset="18" sl="102" sc="9" el="102" ec="10" bec="0" bev="0" fileid="6" />
              </SequencePoints>
              <BranchPoints />
              <MethodPoint xsi:type="SequencePoint" vc="0" uspid="174" ordinal="0" offset="0" sl="100" sc="9" el="100" ec="10" bec="0" bev="0" fileid="6" />
            </Method>
            <Method visited="false" cyclomaticComplexity="1" nPathComplexity="0" sequenceCoverage="0" branchCoverage="0" crapScore="2" isConstructor="false" isStatic="false" isGetter="false" isSetter="false">
              <Summary numSequencePoints="3" visitedSequencePoints="0" numBranchPoints="1" visitedBranchPoints="0" sequenceCoverage="0" branchCoverage="0" maxCyclomaticComplexity="1" minCyclomaticComplexity="1" maxCrapScore="2" minCrapScore="2" visitedClasses="0" numClasses="0" visitedMethods="0" numMethods="1" />
              <MetadataToken>100663335</MetadataToken>
              <Name>System.Void BLL.LibraryLiterature::SortByAuthor()</Name>
              <FileRef uid="6" />
              <SequencePoints>
                <SequencePoint vc="0" uspid="177" ordinal="0" offset="0" sl="105" sc="9" el="105" ec="10" bec="0" bev="0" fileid="6" />
                <SequencePoint vc="0" uspid="178" ordinal="1" offset="1" sl="106" sc="13" el="106" ec="51" bec="0" bev="0" fileid="6" />
                <SequencePoint vc="0" uspid="179" ordinal="2" offset="18" sl="107" sc="9" el="107" ec="10" bec="0" bev="0" fileid="6" />
              </SequencePoints>
              <BranchPoints />
              <MethodPoint xsi:type="SequencePoint" vc="0" uspid="177" ordinal="0" offset="0" sl="105" sc="9" el="105" ec="10" bec="0" bev="0" fileid="6" />
            </Method>
            <Method visited="false" cyclomaticComplexity="1" nPathComplexity="0" sequenceCoverage="0" branchCoverage="0" crapScore="2" isConstructor="false" isStatic="false" isGetter="false" isSetter="false">
              <Summary numSequencePoints="3" visitedSequencePoints="0" numBranchPoints="1" visitedBranchPoints="0" sequenceCoverage="0" branchCoverage="0" maxCyclomaticComplexity="1" minCyclomaticComplexity="1" maxCrapScore="2" minCrapScore="2" visitedClasses="0" numClasses="0" visitedMethods="0" numMethods="1" />
              <MetadataToken>100663336</MetadataToken>
              <Name>System.Void BLL.LibraryLiterature::GetInfo()</Name>
              <FileRef uid="6" />
              <SequencePoints>
                <SequencePoint vc="0" uspid="180" ordinal="0" offset="0" sl="112" sc="9" el="112" ec="10" bec="0" bev="0" fileid="6" />
                <SequencePoint vc="0" uspid="181" ordinal="1" offset="1" sl="113" sc="13" el="113" ec="61" bec="0" bev="0" fileid="6" />
                <SequencePoint vc="0" uspid="182" ordinal="2" offset="17" sl="114" sc="9" el="114" ec="10" bec="0" bev="0" fileid="6" />
              </SequencePoints>
              <BranchPoints />
              <MethodPoint xsi:type="SequencePoint" vc="0" uspid="180" ordinal="0" offset="0" sl="112" sc="9" el="112" ec="10" bec="0" bev="0" fileid="6" />
            </Method>
            <Method visited="false" cyclomaticComplexity="1" nPathComplexity="0" sequenceCoverage="0" branchCoverage="0" crapScore="2" isConstructor="false" isStatic="false" isGetter="false" isSetter="false">
              <Summary numSequencePoints="3" visitedSequencePoints="0" numBranchPoints="1" visitedBranchPoints="0" sequenceCoverage="0" branchCoverage="0" maxCyclomaticComplexity="1" minCyclomaticComplexity="1" maxCrapScore="2" minCrapScore="2" visitedClasses="0" numClasses="0" visitedMethods="0" numMethods="1" />
              <MetadataToken>100663337</MetadataToken>
              <Name>System.Void BLL.LibraryLiterature::SaveInfo()</Name>
              <FileRef uid="6" />
              <SequencePoints>
                <SequencePoint vc="0" uspid="183" ordinal="0" offset="0" sl="117" sc="9" el="117" ec="10" bec="0" bev="0" fileid="6" />
                <SequencePoint vc="0" uspid="184" ordinal="1" offset="1" sl="118" sc="13" el="118" ec="44" bec="0" bev="0" fileid="6" />
                <SequencePoint vc="0" uspid="185" ordinal="2" offset="13" sl="119" sc="9" el="119" ec="10" bec="0" bev="0" fileid="6" />
              </SequencePoints>
              <BranchPoints />
              <MethodPoint xsi:type="SequencePoint" vc="0" uspid="183" ordinal="0" offset="0" sl="117" sc="9" el="117" ec="10" bec="0" bev="0" fileid="6" />
            </Method>
          </Methods>
        </Class>
        <Class>
          <Summary numSequencePoints="68" visitedSequencePoints="0" numBranchPoints="27" visitedBranchPoints="0" sequenceCoverage="0" branchCoverage="0" maxCyclomaticComplexity="6" minCyclomaticComplexity="1" maxCrapScore="42" minCrapScore="2" visitedClasses="0" numClasses="1" visitedMethods="0" numMethods="15" />
          <FullName>BLL.LibraryUsers</FullName>
          <Methods>
            <Method visited="false" cyclomaticComplexity="1" nPathComplexity="0" sequenceCoverage="0" branchCoverage="0" crapScore="2" isConstructor="false" isStatic="false" isGetter="true" isSetter="false">
              <Summary numSequencePoints="3" visitedSequencePoints="0" numBranchPoints="1" visitedBranchPoints="0" sequenceCoverage="0" branchCoverage="0" maxCyclomaticComplexity="1" minCyclomaticComplexity="1" maxCrapScore="2" minCrapScore="2" visitedClasses="0" numClasses="0" visitedMethods="0" numMethods="1" />
              <MetadataToken>100663338</MetadataToken>
              <Name>System.Int32 BLL.LibraryUsers::get_Length()</Name>
              <FileRef uid="7" />
              <SequencePoints>
                <SequencePoint vc="0" uspid="186" ordinal="0" offset="0" sl="17" sc="13" el="17" ec="14" bec="0" bev="0" fileid="7" />
                <SequencePoint vc="0" uspid="187" ordinal="1" offset="1" sl="18" sc="17" el="18" ec="36" bec="0" bev="0" fileid="7" />
                <SequencePoint vc="0" uspid="188" ordinal="2" offset="15" sl="19" sc="13" el="19" ec="14" bec="0" bev="0" fileid="7" />
              </SequencePoints>
              <BranchPoints />
              <MethodPoint xsi:type="SequencePoint" vc="0" uspid="186" ordinal="0" offset="0" sl="17" sc="13" el="17" ec="14" bec="0" bev="0" fileid="7" />
            </Method>
            <Method visited="false" cyclomaticComplexity="1" nPathComplexity="0" sequenceCoverage="0" branchCoverage="0" crapScore="2" isConstructor="false" isStatic="false" isGetter="true" isSetter="false">
              <Summary numSequencePoints="3" visitedSequencePoints="0" numBranchPoints="1" visitedBranchPoints="0" sequenceCoverage="0" branchCoverage="0" maxCyclomaticComplexity="1" minCyclomaticComplexity="1" maxCrapScore="2" minCrapScore="2" visitedClasses="0" numClasses="0" visitedMethods="0" numMethods="1" />
              <MetadataToken>100663340</MetadataToken>
              <Name>BLL.User BLL.LibraryUsers::get_Item(System.Int32)</Name>
              <FileRef uid="7" />
              <SequencePoints>
                <SequencePoint vc="0" uspid="189" ordinal="0" offset="0" sl="32" sc="13" el="32" ec="14" bec="0" bev="0" fileid="7" />
                <SequencePoint vc="0" uspid="190" ordinal="1" offset="1" sl="33" sc="17" el="33" ec="37" bec="0" bev="0" fileid="7" />
                <SequencePoint vc="0" uspid="191" ordinal="2" offset="16" sl="34" sc="13" el="34" ec="14" bec="0" bev="0" fileid="7" />
              </SequencePoints>
              <BranchPoints />
              <MethodPoint xsi:type="SequencePoint" vc="0" uspid="189" ordinal="0" offset="0" sl="32" sc="13" el="32" ec="14" bec="0" bev="0" fileid="7" />
            </Method>
            <Method visited="false" cyclomaticComplexity="1" nPathComplexity="0" sequenceCoverage="0" branchCoverage="0" crapScore="2" isConstructor="false" isStatic="false" isGetter="false" isSetter="true">
              <Summary numSequencePoints="3" visitedSequencePoints="0" numBranchPoints="1" visitedBranchPoints="0" sequenceCoverage="0" branchCoverage="0" maxCyclomaticComplexity="1" minCyclomaticComplexity="1" maxCrapScore="2" minCrapScore="2" visitedClasses="0" numClasses="0" visitedMethods="0" numMethods="1" />
              <MetadataToken>100663341</MetadataToken>
              <Name>System.Void BLL.LibraryUsers::set_Item(System.Int32,BLL.User)</Name>
              <FileRef uid="7" />
              <SequencePoints>
                <SequencePoint vc="0" uspid="192" ordinal="0" offset="0" sl="37" sc="13" el="37" ec="14" bec="0" bev="0" fileid="7" />
                <SequencePoint vc="0" uspid="193" ordinal="1" offset="1" sl="38" sc="17" el="38" ec="38" bec="0" bev="0" fileid="7" />
                <SequencePoint vc="0" uspid="194" ordinal="2" offset="15" sl="39" sc="13" el="39" ec="14" bec="0" bev="0" fileid="7" />
              </SequencePoints>
              <BranchPoints />
              <MethodPoint xsi:type="SequencePoint" vc="0" uspid="192" ordinal="0" offset="0" sl="37" sc="13" el="37" ec="14" bec="0" bev="0" fileid="7" />
            </Method>
            <Method visited="false" cyclomaticComplexity="1" nPathComplexity="0" sequenceCoverage="0" branchCoverage="0" crapScore="2" isConstructor="true" isStatic="false" isGetter="false" isSetter="false">
              <Summary numSequencePoints="4" visitedSequencePoints="0" numBranchPoints="1" visitedBranchPoints="0" sequenceCoverage="0" branchCoverage="0" maxCyclomaticComplexity="1" minCyclomaticComplexity="1" maxCrapScore="2" minCrapScore="2" visitedClasses="0" numClasses="0" visitedMethods="0" numMethods="1" />
              <MetadataToken>100663339</MetadataToken>
              <Name>System.Void BLL.LibraryUsers::.ctor()</Name>
              <FileRef uid="7" />
              <SequencePoints>
                <SequencePoint vc="0" uspid="195" ordinal="0" offset="0" sl="22" sc="9" el="22" ec="30" bec="0" bev="0" fileid="7" />
                <SequencePoint vc="0" uspid="196" ordinal="1" offset="7" sl="23" sc="9" el="23" ec="10" bec="0" bev="0" fileid="7" />
                <SequencePoint vc="0" uspid="197" ordinal="2" offset="8" sl="24" sc="13" el="24" ec="61" bec="0" bev="0" fileid="7" />
                <SequencePoint vc="0" uspid="198" ordinal="3" offset="24" sl="25" sc="9" el="25" ec="10" bec="0" bev="0" fileid="7" />
              </SequencePoints>
              <BranchPoints />
              <MethodPoint xsi:type="SequencePoint" vc="0" uspid="195" ordinal="0" offset="0" sl="22" sc="9" el="22" ec="30" bec="0" bev="0" fileid="7" />
            </Method>
            <Method visited="false" cyclomaticComplexity="1" nPathComplexity="0" sequenceCoverage="0" branchCoverage="0" crapScore="2" isConstructor="false" isStatic="false" isGetter="false" isSetter="false">
              <Summary numSequencePoints="3" visitedSequencePoints="0" numBranchPoints="1" visitedBranchPoints="0" sequenceCoverage="0" branchCoverage="0" maxCyclomaticComplexity="1" minCyclomaticComplexity="1" maxCrapScore="2" minCrapScore="2" visitedClasses="0" numClasses="0" visitedMethods="0" numMethods="1" />
              <MetadataToken>100663342</MetadataToken>
              <Name>System.Void BLL.LibraryUsers::Add(BLL.User)</Name>
              <FileRef uid="7" />
              <SequencePoints>
                <SequencePoint vc="0" uspid="199" ordinal="0" offset="0" sl="43" sc="9" el="43" ec="10" bec="0" bev="0" fileid="7" />
                <SequencePoint vc="0" uspid="200" ordinal="1" offset="1" sl="44" sc="13" el="44" ec="29" bec="0" bev="0" fileid="7" />
                <SequencePoint vc="0" uspid="201" ordinal="2" offset="14" sl="45" sc="9" el="45" ec="10" bec="0" bev="0" fileid="7" />
              </SequencePoints>
              <BranchPoints />
              <MethodPoint xsi:type="SequencePoint" vc="0" uspid="199" ordinal="0" offset="0" sl="43" sc="9" el="43" ec="10" bec="0" bev="0" fileid="7" />
            </Method>
            <Method visited="false" cyclomaticComplexity="1" nPathComplexity="0" sequenceCoverage="0" branchCoverage="0" crapScore="2" isConstructor="false" isStatic="false" isGetter="false" isSetter="false">
              <Summary numSequencePoints="3" visitedSequencePoints="0" numBranchPoints="1" visitedBranchPoints="0" sequenceCoverage="0" branchCoverage="0" maxCyclomaticComplexity="1" minCyclomaticComplexity="1" maxCrapScore="2" minCrapScore="2" visitedClasses="0" numClasses="0" visitedMethods="0" numMethods="1" />
              <MetadataToken>100663343</MetadataToken>
              <Name>System.Void BLL.LibraryUsers::Remove(BLL.User)</Name>
              <FileRef uid="7" />
              <SequencePoints>
[...]
                    <TrackedMethodRef uid="5" vc="1" />
                    <TrackedMethodRef uid="1" vc="1" />
                    <TrackedMethodRef uid="2" vc="1" />
                    <TrackedMethodRef uid="6" vc="1" />
                  </TrackedMethodRefs>
                </SequencePoint>
                <SequencePoint vc="6" uspid="315" ordinal="1" offset="1" sl="84" sc="13" el="84" ec="72" bec="2" bev="1" fileid="8">
                  <TrackedMethodRefs>
                    <TrackedMethodRef uid="3" vc="1" />
                    <TrackedMethodRef uid="4" vc="1" />
                    <TrackedMethodRef uid="5" vc="1" />
                    <TrackedMethodRef uid="1" vc="1" />
                    <TrackedMethodRef uid="2" vc="1" />
                    <TrackedMethodRef uid="6" vc="1" />
                  </TrackedMethodRefs>
                </SequencePoint>
                <SequencePoint vc="0" uspid="316" ordinal="2" offset="31" sl="85" sc="13" el="85" ec="14" bec="0" bev="0" fileid="8" />
                <SequencePoint vc="0" uspid="317" ordinal="3" offset="32" sl="86" sc="17" el="86" ec="30" bec="0" bev="0" fileid="8" />
                <SequencePoint vc="6" uspid="318" ordinal="4" offset="39" sl="89" sc="13" el="89" ec="14" bec="0" bev="0" fileid="8">
                  <TrackedMethodRefs>
                    <TrackedMethodRef uid="3" vc="1" />
                    <TrackedMethodRef uid="4" vc="1" />
                    <TrackedMethodRef uid="5" vc="1" />
                    <TrackedMethodRef uid="1" vc="1" />
                    <TrackedMethodRef uid="2" vc="1" />
                    <TrackedMethodRef uid="6" vc="1" />
                  </TrackedMethodRefs>
                </SequencePoint>
                <SequencePoint vc="6" uspid="319" ordinal="5" offset="40" sl="90" sc="17" el="90" ec="47" bec="0" bev="0" fileid="8">
                  <TrackedMethodRefs>
                    <TrackedMethodRef uid="3" vc="1" />
                    <TrackedMethodRef uid="4" vc="1" />
                    <TrackedMethodRef uid="5" vc="1" />
                    <TrackedMethodRef uid="1" vc="1" />
                    <TrackedMethodRef uid="2" vc="1" />
                    <TrackedMethodRef uid="6" vc="1" />
                  </TrackedMethodRefs>
                </SequencePoint>
                <SequencePoint vc="6" uspid="320" ordinal="6" offset="47" sl="92" sc="17" el="92" ec="130" bec="2" bev="1" fileid="8">
                  <TrackedMethodRefs>
                    <TrackedMethodRef uid="3" vc="1" />
                    <TrackedMethodRef uid="4" vc="1" />
                    <TrackedMethodRef uid="5" vc="1" />
                    <TrackedMethodRef uid="1" vc="1" />
                    <TrackedMethodRef uid="2" vc="1" />
                    <TrackedMethodRef uid="6" vc="1" />
                  </TrackedMethodRefs>
                </SequencePoint>
                <SequencePoint vc="6" uspid="321" ordinal="7" offset="109" sl="93" sc="17" el="93" ec="18" bec="0" bev="0" fileid="8">
                  <TrackedMethodRefs>
                    <TrackedMethodRef uid="3" vc="1" />
                    <TrackedMethodRef uid="4" vc="1" />
                    <TrackedMethodRef uid="5" vc="1" />
                    <TrackedMethodRef uid="1" vc="1" />
                    <TrackedMethodRef uid="2" vc="1" />
                    <TrackedMethodRef uid="6" vc="1" />
                  </TrackedMethodRefs>
                </SequencePoint>
                <SequencePoint vc="6" uspid="322" ordinal="8" offset="110" sl="94" sc="21" el="94" ec="86" bec="2" bev="1" fileid="8">
                  <TrackedMethodRefs>
                    <TrackedMethodRef uid="3" vc="1" />
                    <TrackedMethodRef uid="4" vc="1" />
                    <TrackedMethodRef uid="5" vc="1" />
                    <TrackedMethodRef uid="1" vc="1" />
                    <TrackedMethodRef uid="2" vc="1" />
                    <TrackedMethodRef uid="6" vc="1" />
                  </TrackedMethodRefs>
                </SequencePoint>
                <SequencePoint vc="6" uspid="323" ordinal="9" offset="146" sl="95" sc="21" el="95" ec="22" bec="0" bev="0" fileid="8">
                  <TrackedMethodRefs>
                    <TrackedMethodRef uid="3" vc="1" />
                    <TrackedMethodRef uid="4" vc="1" />
                    <TrackedMethodRef uid="5" vc="1" />
                    <TrackedMethodRef uid="1" vc="1" />
                    <TrackedMethodRef uid="2" vc="1" />
                    <TrackedMethodRef uid="6" vc="1" />
                  </TrackedMethodRefs>
                </SequencePoint>
                <SequencePoint vc="6" uspid="324" ordinal="10" offset="147" sl="96" sc="25" el="96" ec="37" bec="0" bev="0" fileid="8">
                  <TrackedMethodRefs>
                    <TrackedMethodRef uid="3" vc="1" />
                    <TrackedMethodRef uid="4" vc="1" />
                    <TrackedMethodRef uid="5" vc="1" />
                    <TrackedMethodRef uid="1" vc="1" />
                    <TrackedMethodRef uid="2" vc="1" />
                    <TrackedMethodRef uid="6" vc="1" />
                  </TrackedMethodRefs>
                </SequencePoint>
                <SequencePoint vc="0" uspid="325" ordinal="11" offset="151" sl="98" sc="26" el="98" ec="75" bec="2" bev="0" fileid="8" />
                <SequencePoint vc="0" uspid="326" ordinal="12" offset="174" sl="99" sc="21" el="99" ec="22" bec="0" bev="0" fileid="8" />
                <SequencePoint vc="0" uspid="327" ordinal="13" offset="175" sl="100" sc="25" el="100" ec="37" bec="0" bev="0" fileid="8" />
                <SequencePoint vc="0" uspid="328" ordinal="14" offset="179" sl="102" sc="17" el="102" ec="18" bec="0" bev="0" fileid="8" />
                <SequencePoint vc="0" uspid="329" ordinal="15" offset="180" sl="103" sc="17" el="103" ec="30" bec="0" bev="0" fileid="8" />
                <SequencePoint vc="6" uspid="330" ordinal="16" offset="184" sl="105" sc="9" el="105" ec="10" bec="0" bev="0" fileid="8">
                  <TrackedMethodRefs>
                    <TrackedMethodRef uid="3" vc="1" />
                    <TrackedMethodRef uid="4" vc="1" />
                    <TrackedMethodRef uid="5" vc="1" />
                    <TrackedMethodRef uid="1" vc="1" />
                    <TrackedMethodRef uid="2" vc="1" />
                    <TrackedMethodRef uid="6" vc="1" />
                  </TrackedMethodRefs>
                </SequencePoint>
              </SequencePoints>
              <BranchPoints>
                <BranchPoint vc="0" uspid="333" ordinal="2" offset="29" sl="84" path="0" offsetend="31" fileid="8" />
                <BranchPoint vc="6" uspid="334" ordinal="3" offset="29" sl="84" path="1" offsetend="39" fileid="8">
                  <TrackedMethodRefs>
                    <TrackedMethodRef uid="3" vc="1" />
                    <TrackedMethodRef uid="4" vc="1" />
                    <TrackedMethodRef uid="5" vc="1" />
                    <TrackedMethodRef uid="1" vc="1" />
                    <TrackedMethodRef uid="2" vc="1" />
                    <TrackedMethodRef uid="6" vc="1" />
                  </TrackedMethodRefs>
                </BranchPoint>
                <BranchPoint vc="6" uspid="339" ordinal="8" offset="107" sl="92" path="0" offsetend="109" fileid="8">
                  <TrackedMethodRefs>
                    <TrackedMethodRef uid="3" vc="1" />
                    <TrackedMethodRef uid="4" vc="1" />
                    <TrackedMethodRef uid="5" vc="1" />
                    <TrackedMethodRef uid="1" vc="1" />
                    <TrackedMethodRef uid="2" vc="1" />
                    <TrackedMethodRef uid="6" vc="1" />
                  </TrackedMethodRefs>
                </BranchPoint>
                <BranchPoint vc="0" uspid="340" ordinal="9" offset="107" sl="92" path="1" offsetend="180" fileid="8" />
                <BranchPoint vc="6" uspid="343" ordinal="12" offset="144" sl="94" path="0" offsetend="146" fileid="8">
                  <TrackedMethodRefs>
                    <TrackedMethodRef uid="3" vc="1" />
                    <TrackedMethodRef uid="4" vc="1" />
                    <TrackedMethodRef uid="5" vc="1" />
                    <TrackedMethodRef uid="1" vc="1" />
                    <TrackedMethodRef uid="2" vc="1" />
                    <TrackedMethodRef uid="6" vc="1" />
                  </TrackedMethodRefs>
                </BranchPoint>
                <BranchPoint vc="0" uspid="344" ordinal="13" offset="144" sl="94" path="1" offsetend="151" fileid="8" />
                <BranchPoint vc="0" uspid="345" ordinal="14" offset="172" sl="98" path="0" offsetend="174" fileid="8" />
                <BranchPoint vc="0" uspid="346" ordinal="15" offset="172" sl="98" path="1" offsetend="179" fileid="8" />
              </BranchPoints>
              <MethodPoint xsi:type="SequencePoint" vc="6" uspid="314" ordinal="0" offset="0" sl="82" sc="9" el="82" ec="10" bec="0" bev="0" fileid="8">
                <TrackedMethodRefs>
                  <TrackedMethodRef uid="3" vc="1" />
                  <TrackedMethodRef uid="4" vc="1" />
                  <TrackedMethodRef uid="5" vc="1" />
                  <TrackedMethodRef uid="1" vc="1" />
                  <TrackedMethodRef uid="2" vc="1" />
                  <TrackedMethodRef uid="6" vc="1" />
                </TrackedMethodRefs>
              </MethodPoint>
            </Method>
          </Methods>
        </Class>
        <Class>
          <Summary numSequencePoints="3" visitedSequencePoints="0" numBranchPoints="1" visitedBranchPoints="0" sequenceCoverage="0" branchCoverage="0" maxCyclomaticComplexity="1" minCyclomaticComplexity="1" maxCrapScore="2" minCrapScore="2" visitedClasses="0" numClasses="1" visitedMethods="0" numMethods="1" />
          <FullName>BLL.User/NameComparer</FullName>
          <Methods>
            <Method visited="false" cyclomaticComplexity="1" nPathComplexity="0" sequenceCoverage="0" branchCoverage="0" crapScore="2" isConstructor="false" isStatic="false" isGetter="false" isSetter="false">
              <Summary numSequencePoints="3" visitedSequencePoints="0" numBranchPoints="1" visitedBranchPoints="0" sequenceCoverage="0" branchCoverage="0" maxCyclomaticComplexity="1" minCyclomaticComplexity="1" maxCrapScore="2" minCrapScore="2" visitedClasses="0" numClasses="0" visitedMethods="0" numMethods="1" />
              <MetadataToken>100663373</MetadataToken>
              <Name>System.Int32 BLL.User/NameComparer::Compare(BLL.User,BLL.User)</Name>
              <FileRef uid="8" />
              <SequencePoints>
                <SequencePoint vc="0" uspid="347" ordinal="0" offset="0" sl="112" sc="13" el="112" ec="14" bec="0" bev="0" fileid="8" />
                <SequencePoint vc="0" uspid="348" ordinal="1" offset="1" sl="113" sc="17" el="113" ec="57" bec="0" bev="0" fileid="8" />
                <SequencePoint vc="0" uspid="349" ordinal="2" offset="21" sl="114" sc="13" el="114" ec="14" bec="0" bev="0" fileid="8" />
              </SequencePoints>
              <BranchPoints />
              <MethodPoint xsi:type="SequencePoint" vc="0" uspid="347" ordinal="0" offset="0" sl="112" sc="13" el="112" ec="14" bec="0" bev="0" fileid="8" />
            </Method>
            <Method visited="false" cyclomaticComplexity="1" nPathComplexity="0" sequenceCoverage="0" branchCoverage="0" crapScore="2" isConstructor="true" isStatic="false" isGetter="false" isSetter="false">
              <Summary numSequencePoints="0" visitedSequencePoints="0" numBranchPoints="0" visitedBranchPoints="0" sequenceCoverage="0" branchCoverage="0" maxCyclomaticComplexity="1" minCyclomaticComplexity="1" maxCrapScore="2" minCrapScore="2" visitedClasses="0" numClasses="0" visitedMethods="0" numMethods="0" />
              <MetadataToken>100663374</MetadataToken>
              <Name>System.Void BLL.User/NameComparer::.ctor()</Name>
              <SequencePoints />
              <BranchPoints />
              <MethodPoint vc="0" uspid="350" ordinal="0" offset="0" />
            </Method>
          </Methods>
        </Class>
        <Class>
          <Summary numSequencePoints="3" visitedSequencePoints="0" numBranchPoints="1" visitedBranchPoints="0" sequenceCoverage="0" branchCoverage="0" maxCyclomaticComplexity="1" minCyclomaticComplexity="1" maxCrapScore="2" minCrapScore="2" visitedClasses="0" numClasses="1" visitedMethods="0" numMethods="1" />
          <FullName>BLL.User/SurnameComparer</FullName>
          <Methods>
            <Method visited="false" cyclomaticComplexity="1" nPathComplexity="0" sequenceCoverage="0" branchCoverage="0" crapScore="2" isConstructor="false" isStatic="false" isGetter="false" isSetter="false">
              <Summary numSequencePoints="3" visitedSequencePoints="0" numBranchPoints="1" visitedBranchPoints="0" sequenceCoverage="0" branchCoverage="0" maxCyclomaticComplexity="1" minCyclomaticComplexity="1" maxCrapScore="2" minCrapScore="2" visitedClasses="0" numClasses="0" visitedMethods="0" numMethods="1" />
              <MetadataToken>100663375</MetadataToken>
              <Name>System.Int32 BLL.User/SurnameComparer::Compare(BLL.User,BLL.User)</Name>
              <FileRef uid="8" />
              <SequencePoints>
                <SequencePoint vc="0" uspid="351" ordinal="0" offset="0" sl="120" sc="13" el="120" ec="14" bec="0" bev="0" fileid="8" />
                <SequencePoint vc="0" uspid="352" ordinal="1" offset="1" sl="121" sc="17" el="121" ec="63" bec="0" bev="0" fileid="8" />
                <SequencePoint vc="0" uspid="353" ordinal="2" offset="21" sl="122" sc="13" el="122" ec="14" bec="0" bev="0" fileid="8" />
              </SequencePoints>
              <BranchPoints />
              <MethodPoint xsi:type="SequencePoint" vc="0" uspid="351" ordinal="0" offset="0" sl="120" sc="13" el="120" ec="14" bec="0" bev="0" fileid="8" />
            </Method>
            <Method visited="false" cyclomaticComplexity="1" nPathComplexity="0" sequenceCoverage="0" branchCoverage="0" crapScore="2" isConstructor="true" isStatic="false" isGetter="false" isSetter="false">
              <Summary numSequencePoints="0" visitedSequencePoints="0" numBranchPoints="0" visitedBranchPoints="0" sequenceCoverage="0" branchCoverage="0" maxCyclomaticComplexity="1" minCyclomaticComplexity="1" maxCrapScore="2" minCrapScore="2" visitedClasses="0" numClasses="0" visitedMethods="0" numMethods="0" />
              <MetadataToken>100663376</MetadataToken>
              <Name>System.Void BLL.User/SurnameComparer::.ctor()</Name>
              <SequencePoints />
              <BranchPoints />
              <MethodPoint vc="0" uspid="354" ordinal="0" offset="0" />
            </Method>
          </Methods>
        </Class>
        <Class>
          <Summary numSequencePoints="15" visitedSequencePoints="0" numBranchPoints="7" visitedBranchPoints="0" sequenceCoverage="0" branchCoverage="0" maxCyclomaticComplexity="4" minCyclomaticComplexity="1" maxCrapScore="20" minCrapScore="2" visitedClasses="0" numClasses="1" visitedMethods="0" numMethods="1" />
          <FullName>BLL.User/Academic_GroupComparer</FullName>
          <Methods>
            <Method visited="false" cyclomaticComplexity="4" nPathComplexity="8" sequenceCoverage="0" branchCoverage="0" crapScore="20" isConstructor="false" isStatic="false" isGetter="false" isSetter="false">
              <Summary numSequencePoints="15" visitedSequencePoints="0" numBranchPoints="7" visitedBranchPoints="0" sequenceCoverage="0" branchCoverage="0" maxCyclomaticComplexity="4" minCyclomaticComplexity="4" maxCrapScore="20" minCrapScore="20" visitedClasses="0" numClasses="0" visitedMethods="0" numMethods="1" />
              <MetadataToken>100663377</MetadataToken>
              <Name>System.Int32 BLL.User/Academic_GroupComparer::Compare(BLL.User,BLL.User)</Name>
              <FileRef uid="8" />
              <SequencePoints>
                <SequencePoint vc="0" uspid="355" ordinal="0" offset="0" sl="128" sc="13" el="128" ec="14" bec="0" bev="0" fileid="8" />
                <SequencePoint vc="0" uspid="356" ordinal="1" offset="1" sl="129" sc="17" el="129" ec="27" bec="0" bev="0" fileid="8" />
                <SequencePoint vc="0" uspid="357" ordinal="2" offset="5" sl="131" sc="17" el="131" ec="18" bec="0" bev="0" fileid="8" />
                <SequencePoint vc="0" uspid="358" ordinal="3" offset="6" sl="132" sc="21" el="132" ec="75" bec="2" bev="0" fileid="8" />
                <SequencePoint vc="0" uspid="359" ordinal="4" offset="36" sl="133" sc="21" el="133" ec="22" bec="0" bev="0" fileid="8" />
                <SequencePoint vc="0" uspid="360" ordinal="5" offset="37" sl="134" sc="25" el="134" ec="34" bec="0" bev="0" fileid="8" />
                <SequencePoint vc="0" uspid="361" ordinal="6" offset="41" sl="137" sc="26" el="137" ec="80" bec="2" bev="0" fileid="8" />
                <SequencePoint vc="0" uspid="362" ordinal="7" offset="71" sl="138" sc="21" el="138" ec="22" bec="0" bev="0" fileid="8" />
                <SequencePoint vc="0" uspid="363" ordinal="8" offset="72" sl="139" sc="25" el="139" ec="35" bec="0" bev="0" fileid="8" />
                <SequencePoint vc="0" uspid="364" ordinal="9" offset="76" sl="142" sc="26" el="142" ec="37" bec="2" bev="0" fileid="8" />
                <SequencePoint vc="0" uspid="365" ordinal="10" offset="86" sl="143" sc="21" el="143" ec="22" bec="0" bev="0" fileid="8" />
                <SequencePoint vc="0" uspid="366" ordinal="11" offset="87" sl="144" sc="25" el="144" ec="34" bec="0" bev="0" fileid="8" />
                <SequencePoint vc="0" uspid="367" ordinal="12" offset="91" sl="147" sc="17" el="147" ec="18" bec="0" bev="0" fileid="8" />
                <SequencePoint vc="0" uspid="368" ordinal="13" offset="92" sl="130" sc="17" el="130" ec="29" bec="0" bev="0" fileid="8" />
                <SequencePoint vc="0" uspid="369" ordinal="14" offset="97" sl="148" sc="13" el="148" ec="14" bec="0" bev="0" fileid="8" />
              </SequencePoints>
              <BranchPoints>
                <BranchPoint vc="0" uspid="370" ordinal="0" offset="34" sl="132" path="0" offsetend="36" fileid="8" />
                <BranchPoint vc="0" uspid="371" ordinal="1" offset="34" sl="132" path="1" offsetend="41" fileid="8" />
                <BranchPoint vc="0" uspid="372" ordinal="2" offset="69" sl="137" path="0" offsetend="71" fileid="8" />
                <BranchPoint vc="0" uspid="373" ordinal="3" offset="69" sl="137" path="1" offsetend="76" fileid="8" />
                <BranchPoint vc="0" uspid="374" ordinal="4" offset="84" sl="142" path="0" offsetend="86" fileid="8" />
                <BranchPoint vc="0" uspid="375" ordinal="5" offset="84" sl="142" path="1" offsetend="91" fileid="8" />
              </BranchPoints>
              <MethodPoint xsi:type="SequencePoint" vc="0" uspid="355" ordinal="0" offset="0" sl="128" sc="13" el="128" ec="14" bec="0" bev="0" fileid="8" />
            </Method>
            <Method visited="false" cyclomaticComplexity="1" nPathComplexity="0" sequenceCoverage="0" branchCoverage="0" crapScore="2" isConstructor="true" isStatic="false" isGetter="false" isSetter="false">
              <Summary numSequencePoints="0" visitedSequencePoints="0" numBranchPoints="0" visitedBranchPoints="0" sequenceCoverage="0" branchCoverage="0" maxCyclomaticComplexity="1" minCyclomaticComplexity="1" maxCrapScore="2" minCrapScore="2" visitedClasses="0" numClasses="0" visitedMethods="0" numMethods="0" />
              <MetadataToken>100663378</MetadataToken>
              <Name>System.Void BLL.User/Academic_GroupComparer::.ctor()</Name>
              <SequencePoints />
              <BranchPoints />
              <MethodPoint vc="0" uspid="376" ordinal="0" offset="0" />
            </Method>
          </Methods>
        </Class>
      </Classes>
      <TrackedMethods />
    </Module>
  </Modules>
</CoverageSession>